<?xml version="1.0" encoding="UTF-8"?>
<!-- Generated by org.testng.reporters.JUnitReportReporter -->
<testsuite hostname="RLE0160" name="scripts.SignIn" tests="1" failures="0" timestamp="8 Feb 2017 12:26:28 GMT" time="3.200" errors="1">
  <testcase name="signIn" time="3.200" classname="scripts.SignIn">
    <error type="java.lang.StackOverflowError">
      <![CDATA[java.lang.StackOverflowError
	at com.sun.proxy.$Proxy6.how(Unknown Source)
	at org.openqa.selenium.support.pagefactory.AbstractAnnotations.assertValidFindBy(AbstractAnnotations.java:171)
	at org.openqa.selenium.support.pagefactory.AbstractAnnotations.buildByFromFindBy(AbstractAnnotations.java:79)
	at org.openqa.selenium.support.pagefactory.Annotations.buildBy(Annotations.java:74)
	at org.openqa.selenium.support.pagefactory.DefaultElementLocator.<init>(DefaultElementLocator.java:58)
	at org.openqa.selenium.support.pagefactory.DefaultElementLocator.<init>(DefaultElementLocator.java:46)
	at org.openqa.selenium.support.pagefactory.DefaultElementLocatorFactory.createLocator(DefaultElementLocatorFactory.java:32)
	at org.openqa.selenium.support.pagefactory.DefaultFieldDecorator.decorate(DefaultFieldDecorator.java:56)
	at org.openqa.selenium.support.PageFactory.proxyFields(PageFactory.java:113)
	at org.openqa.selenium.support.PageFactory.initElements(PageFactory.java:105)
	at org.openqa.selenium.support.PageFactory.initElements(PageFactory.java:92)
	at org.openqa.selenium.support.PageFactory.initElements(PageFactory.java:79)
	at pom.BasePage.<init>(BasePage.java:15)
	at pom.ScholasticInternational_Home.<init>(ScholasticInternational_Home.java:14)
	at pom.ScholasticInternational_Home.<init>(ScholasticInternational_Home.java:21)
	at pom.ScholasticInternational_Home.<init>(ScholasticInternational_Home.java:21)
	at pom.ScholasticInternational_Home.<init>(ScholasticInternational_Home.java:21)
	at pom.ScholasticInternational_Home.<init>(ScholasticInternational_Home.java:21)
	at pom.ScholasticInternational_Home.<init>(ScholasticInternational_Home.java:21)
	at pom.ScholasticInternational_Home.<init>(ScholasticInternational_Home.java:21)
	at pom.ScholasticInternational_Home.<init>(ScholasticInternational_Home.java:21)
	at pom.ScholasticInternational_Home.<init>(ScholasticInternational_Home.java:21)
	at pom.ScholasticInternational_Home.<init>(ScholasticInternational_Home.java:21)
	at pom.ScholasticInternational_Home.<init>(ScholasticInternational_Home.java:21)
	at pom.ScholasticInternational_Home.<init>(ScholasticInternational_Home.java:21)
	at pom.ScholasticInternational_Home.<init>(ScholasticInternational_Home.java:21)
	at pom.ScholasticInternational_Home.<init>(ScholasticInternational_Home.java:21)
	at pom.ScholasticInternational_Home.<init>(ScholasticInternational_Home.java:21)
	at pom.ScholasticInternational_Home.<init>(ScholasticInternational_Home.java:21)
	at pom.ScholasticInternational_Home.<init>(ScholasticInternational_Home.java:21)
	at pom.ScholasticInternational_Home.<init>(ScholasticInternational_Home.java:21)
	at pom.ScholasticInternational_Home.<init>(ScholasticInternational_Home.java:21)
	at pom.ScholasticInternational_Home.<init>(ScholasticInternational_Home.java:21)
	at pom.ScholasticInternational_Home.<init>(ScholasticInternational_Home.java:21)
	at pom.ScholasticInternational_Home.<init>(ScholasticInternational_Home.java:21)
	at pom.ScholasticInternational_Home.<init>(ScholasticInternational_Home.java:21)
	at pom.ScholasticInternational_Home.<init>(ScholasticInternational_Home.java:21)
	at pom.ScholasticInternational_Home.<init>(ScholasticInternational_Home.java:21)
	at pom.ScholasticInternational_Home.<init>(ScholasticInternational_Home.java:21)
	at pom.ScholasticInternational_Home.<init>(ScholasticInternational_Home.java:21)
	at pom.ScholasticInternational_Home.<init>(ScholasticInternational_Home.java:21)
	at pom.ScholasticInternational_Home.<init>(ScholasticInternational_Home.java:21)
	at pom.ScholasticInternational_Home.<init>(ScholasticInternational_Home.java:21)
	at pom.ScholasticInternational_Home.<init>(ScholasticInternational_Home.java:21)
	at pom.ScholasticInternational_Home.<init>(ScholasticInternational_Home.java:21)
	at pom.ScholasticInternational_Home.<init>(ScholasticInternational_Home.java:21)
	at pom.ScholasticInternational_Home.<init>(ScholasticInternational_Home.java:21)
	at pom.ScholasticInternational_Home.<init>(ScholasticInternational_Home.java:21)
	at pom.ScholasticInternational_Home.<init>(ScholasticInternational_Home.java:21)
	at pom.ScholasticInternational_Home.<init>(ScholasticInternational_Home.java:21)
	at pom.ScholasticInternational_Home.<init>(ScholasticInternational_Home.java:21)
	at pom.ScholasticInternational_Home.<init>(ScholasticInternational_Home.java:21)
	at pom.ScholasticInternational_Home.<init>(ScholasticInternational_Home.java:21)
	at pom.ScholasticInternational_Home.<init>(ScholasticInternational_Home.java:21)
	at pom.ScholasticInternational_Home.<init>(ScholasticInternational_Home.java:21)
	at pom.ScholasticInternational_Home.<init>(ScholasticInternational_Home.java:21)
	at pom.ScholasticInternational_Home.<init>(ScholasticInternational_Home.java:21)
	at pom.ScholasticInternational_Home.<init>(ScholasticInternational_Home.java:21)
	at pom.ScholasticInternational_Home.<init>(ScholasticInternational_Home.java:21)
	at pom.ScholasticInternational_Home.<init>(ScholasticInternational_Home.java:21)
	at pom.ScholasticInternational_Home.<init>(ScholasticInternational_Home.java:21)
	at pom.ScholasticInternational_Home.<init>(ScholasticInternational_Home.java:21)
	at pom.ScholasticInternational_Home.<init>(ScholasticInternational_Home.java:21)
	at pom.ScholasticInternational_Home.<init>(ScholasticInternational_Home.java:21)
	at pom.ScholasticInternational_Home.<init>(ScholasticInternational_Home.java:21)
	at pom.ScholasticInternational_Home.<init>(ScholasticInternational_Home.java:21)
	at pom.ScholasticInternational_Home.<init>(ScholasticInternational_Home.java:21)
	at pom.ScholasticInternational_Home.<init>(ScholasticInternational_Home.java:21)
	at pom.ScholasticInternational_Home.<init>(ScholasticInternational_Home.java:21)
	at pom.ScholasticInternational_Home.<init>(ScholasticInternational_Home.java:21)
	at pom.ScholasticInternational_Home.<init>(ScholasticInternational_Home.java:21)
	at pom.ScholasticInternational_Home.<init>(ScholasticInternational_Home.java:21)
	at pom.ScholasticInternational_Home.<init>(ScholasticInternational_Home.java:21)
	at pom.ScholasticInternational_Home.<init>(ScholasticInternational_Home.java:21)
	at pom.ScholasticInternational_Home.<init>(ScholasticInternational_Home.java:21)
	at pom.ScholasticInternational_Home.<init>(ScholasticInternational_Home.java:21)
	at pom.ScholasticInternational_Home.<init>(ScholasticInternational_Home.java:21)
	at pom.ScholasticInternational_Home.<init>(ScholasticInternational_Home.java:21)
	at pom.ScholasticInternational_Home.<init>(ScholasticInternational_Home.java:21)
	at pom.ScholasticInternational_Home.<init>(ScholasticInternational_Home.java:21)
	at pom.ScholasticInternational_Home.<init>(ScholasticInternational_Home.java:21)
	at pom.ScholasticInternational_Home.<init>(ScholasticInternational_Home.java:21)
	at pom.ScholasticInternational_Home.<init>(ScholasticInternational_Home.java:21)
	at pom.ScholasticInternational_Home.<init>(ScholasticInternational_Home.java:21)
	at pom.ScholasticInternational_Home.<init>(ScholasticInternational_Home.java:21)
	at pom.ScholasticInternational_Home.<init>(ScholasticInternational_Home.java:21)
	at pom.ScholasticInternational_Home.<init>(ScholasticInternational_Home.java:21)
	at pom.ScholasticInternational_Home.<init>(ScholasticInternational_Home.java:21)
	at pom.ScholasticInternational_Home.<init>(ScholasticInternational_Home.java:21)
	at pom.ScholasticInternational_Home.<init>(ScholasticInternational_Home.java:21)
	at pom.ScholasticInternational_Home.<init>(ScholasticInternational_Home.java:21)
	at pom.ScholasticInternational_Home.<init>(ScholasticInternational_Home.java:21)
	at pom.ScholasticInternational_Home.<init>(ScholasticInternational_Home.java:21)
	at pom.ScholasticInternational_Home.<init>(ScholasticInternational_Home.java:21)
	at pom.ScholasticInternational_Home.<init>(ScholasticInternational_Home.java:21)
	at pom.ScholasticInternational_Home.<init>(ScholasticInternational_Home.java:21)
	at pom.ScholasticInternational_Home.<init>(ScholasticInternational_Home.java:21)
	at pom.ScholasticInternational_Home.<init>(ScholasticInternational_Home.java:21)
	at pom.ScholasticInternational_Home.<init>(ScholasticInternational_Home.java:21)
	at pom.ScholasticInternational_Home.<init>(ScholasticInternational_Home.java:21)
	at pom.ScholasticInternational_Home.<init>(ScholasticInternational_Home.java:21)
	at pom.ScholasticInternational_Home.<init>(ScholasticInternational_Home.java:21)
	at pom.ScholasticInternational_Home.<init>(ScholasticInternational_Home.java:21)
	at pom.ScholasticInternational_Home.<init>(ScholasticInternational_Home.java:21)
	at pom.ScholasticInternational_Home.<init>(ScholasticInternational_Home.java:21)
	at pom.ScholasticInternational_Home.<init>(ScholasticInternational_Home.java:21)
	at pom.ScholasticInternational_Home.<init>(ScholasticInternational_Home.java:21)
	at pom.ScholasticInternational_Home.<init>(ScholasticInternational_Home.java:21)
	at pom.ScholasticInternational_Home.<init>(ScholasticInternational_Home.java:21)
	at pom.ScholasticInternational_Home.<init>(ScholasticInternational_Home.java:21)
	at pom.ScholasticInternational_Home.<init>(ScholasticInternational_Home.java:21)
	at pom.ScholasticInternational_Home.<init>(ScholasticInternational_Home.java:21)
	at pom.ScholasticInternational_Home.<init>(ScholasticInternational_Home.java:21)
	at pom.ScholasticInternational_Home.<init>(ScholasticInternational_Home.java:21)
	at pom.ScholasticInternational_Home.<init>(ScholasticInternational_Home.java:21)
	at pom.ScholasticInternational_Home.<init>(ScholasticInternational_Home.java:21)
	at pom.ScholasticInternational_Home.<init>(ScholasticInternational_Home.java:21)
	at pom.ScholasticInternational_Home.<init>(ScholasticInternational_Home.java:21)
	at pom.ScholasticInternational_Home.<init>(ScholasticInternational_Home.java:21)
	at pom.ScholasticInternational_Home.<init>(ScholasticInternational_Home.java:21)
	at pom.ScholasticInternational_Home.<init>(ScholasticInternational_Home.java:21)
	at pom.ScholasticInternational_Home.<init>(ScholasticInternational_Home.java:21)
	at pom.ScholasticInternational_Home.<init>(ScholasticInternational_Home.java:21)
	at pom.ScholasticInternational_Home.<init>(ScholasticInternational_Home.java:21)
	at pom.ScholasticInternational_Home.<init>(ScholasticInternational_Home.java:21)
	at pom.ScholasticInternational_Home.<init>(ScholasticInternational_Home.java:21)
	at pom.ScholasticInternational_Home.<init>(ScholasticInternational_Home.java:21)
	at pom.ScholasticInternational_Home.<init>(ScholasticInternational_Home.java:21)
	at pom.ScholasticInternational_Home.<init>(ScholasticInternational_Home.java:21)
	at pom.ScholasticInternational_Home.<init>(ScholasticInternational_Home.java:21)
	at pom.ScholasticInternational_Home.<init>(ScholasticInternational_Home.java:21)
	at pom.ScholasticInternational_Home.<init>(ScholasticInternational_Home.java:21)
	at pom.ScholasticInternational_Home.<init>(ScholasticInternational_Home.java:21)
	at pom.ScholasticInternational_Home.<init>(ScholasticInternational_Home.java:21)
	at pom.ScholasticInternational_Home.<init>(ScholasticInternational_Home.java:21)
	at pom.ScholasticInternational_Home.<init>(ScholasticInternational_Home.java:21)
	at pom.ScholasticInternational_Home.<init>(ScholasticInternational_Home.java:21)
	at pom.ScholasticInternational_Home.<init>(ScholasticInternational_Home.java:21)
	at pom.ScholasticInternational_Home.<init>(ScholasticInternational_Home.java:21)
	at pom.ScholasticInternational_Home.<init>(ScholasticInternational_Home.java:21)
	at pom.ScholasticInternational_Home.<init>(ScholasticInternational_Home.java:21)
	at pom.ScholasticInternational_Home.<init>(ScholasticInternational_Home.java:21)
	at pom.ScholasticInternational_Home.<init>(ScholasticInternational_Home.java:21)
	at pom.ScholasticInternational_Home.<init>(ScholasticInternational_Home.java:21)
	at pom.ScholasticInternational_Home.<init>(ScholasticInternational_Home.java:21)
	at pom.ScholasticInternational_Home.<init>(ScholasticInternational_Home.java:21)
	at pom.ScholasticInternational_Home.<init>(ScholasticInternational_Home.java:21)
	at pom.ScholasticInternational_Home.<init>(ScholasticInternational_Home.java:21)
	at pom.ScholasticInternational_Home.<init>(ScholasticInternational_Home.java:21)
	at pom.ScholasticInternational_Home.<init>(ScholasticInternational_Home.java:21)
	at pom.ScholasticInternational_Home.<init>(ScholasticInternational_Home.java:21)
	at pom.ScholasticInternational_Home.<init>(ScholasticInternational_Home.java:21)
	at pom.ScholasticInternational_Home.<init>(ScholasticInternational_Home.java:21)
	at pom.ScholasticInternational_Home.<init>(ScholasticInternational_Home.java:21)
	at pom.ScholasticInternational_Home.<init>(ScholasticInternational_Home.java:21)
	at pom.ScholasticInternational_Home.<init>(ScholasticInternational_Home.java:21)
	at pom.ScholasticInternational_Home.<init>(ScholasticInternational_Home.java:21)
	at pom.ScholasticInternational_Home.<init>(ScholasticInternational_Home.java:21)
	at pom.ScholasticInternational_Home.<init>(ScholasticInternational_Home.java:21)
	at pom.ScholasticInternational_Home.<init>(ScholasticInternational_Home.java:21)
	at pom.ScholasticInternational_Home.<init>(ScholasticInternational_Home.java:21)
	at pom.ScholasticInternational_Home.<init>(ScholasticInternational_Home.java:21)
	at pom.ScholasticInternational_Home.<init>(ScholasticInternational_Home.java:21)
	at pom.ScholasticInternational_Home.<init>(ScholasticInternational_Home.java:21)
	at pom.ScholasticInternational_Home.<init>(ScholasticInternational_Home.java:21)
	at pom.ScholasticInternational_Home.<init>(ScholasticInternational_Home.java:21)
	at pom.ScholasticInternational_Home.<init>(ScholasticInternational_Home.java:21)
	at pom.ScholasticInternational_Home.<init>(ScholasticInternational_Home.java:21)
	at pom.ScholasticInternational_Home.<init>(ScholasticInternational_Home.java:21)
	at pom.ScholasticInternational_Home.<init>(ScholasticInternational_Home.java:21)
	at pom.ScholasticInternational_Home.<init>(ScholasticInternational_Home.java:21)
	at pom.ScholasticInternational_Home.<init>(ScholasticInternational_Home.java:21)
	at pom.ScholasticInternational_Home.<init>(ScholasticInternational_Home.java:21)
	at pom.ScholasticInternational_Home.<init>(ScholasticInternational_Home.java:21)
	at pom.ScholasticInternational_Home.<init>(ScholasticInternational_Home.java:21)
	at pom.ScholasticInternational_Home.<init>(ScholasticInternational_Home.java:21)
	at pom.ScholasticInternational_Home.<init>(ScholasticInternational_Home.java:21)
	at pom.ScholasticInternational_Home.<init>(ScholasticInternational_Home.java:21)
	at pom.ScholasticInternational_Home.<init>(ScholasticInternational_Home.java:21)
	at pom.ScholasticInternational_Home.<init>(ScholasticInternational_Home.java:21)
	at pom.ScholasticInternational_Home.<init>(ScholasticInternational_Home.java:21)
	at pom.ScholasticInternational_Home.<init>(ScholasticInternational_Home.java:21)
	at pom.ScholasticInternational_Home.<init>(ScholasticInternational_Home.java:21)
	at pom.ScholasticInternational_Home.<init>(ScholasticInternational_Home.java:21)
	at pom.ScholasticInternational_Home.<init>(ScholasticInternational_Home.java:21)
	at pom.ScholasticInternational_Home.<init>(ScholasticInternational_Home.java:21)
	at pom.ScholasticInternational_Home.<init>(ScholasticInternational_Home.java:21)
	at pom.ScholasticInternational_Home.<init>(ScholasticInternational_Home.java:21)
	at pom.ScholasticInternational_Home.<init>(ScholasticInternational_Home.java:21)
	at pom.ScholasticInternational_Home.<init>(ScholasticInternational_Home.java:21)
	at pom.ScholasticInternational_Home.<init>(ScholasticInternational_Home.java:21)
	at pom.ScholasticInternational_Home.<init>(ScholasticInternational_Home.java:21)
	at pom.ScholasticInternational_Home.<init>(ScholasticInternational_Home.java:21)
	at pom.ScholasticInternational_Home.<init>(ScholasticInternational_Home.java:21)
	at pom.ScholasticInternational_Home.<init>(ScholasticInternational_Home.java:21)
	at pom.ScholasticInternational_Home.<init>(ScholasticInternational_Home.java:21)
	at pom.ScholasticInternational_Home.<init>(ScholasticInternational_Home.java:21)
	at pom.ScholasticInternational_Home.<init>(ScholasticInternational_Home.java:21)
	at pom.ScholasticInternational_Home.<init>(ScholasticInternational_Home.java:21)
	at pom.ScholasticInternational_Home.<init>(ScholasticInternational_Home.java:21)
	at pom.ScholasticInternational_Home.<init>(ScholasticInternational_Home.java:21)
	at pom.ScholasticInternational_Home.<init>(ScholasticInternational_Home.java:21)
	at pom.ScholasticInternational_Home.<init>(ScholasticInternational_Home.java:21)
	at pom.ScholasticInternational_Home.<init>(ScholasticInternational_Home.java:21)
	at pom.ScholasticInternational_Home.<init>(ScholasticInternational_Home.java:21)
	at pom.ScholasticInternational_Home.<init>(ScholasticInternational_Home.java:21)
	at pom.ScholasticInternational_Home.<init>(ScholasticInternational_Home.java:21)
	at pom.ScholasticInternational_Home.<init>(ScholasticInternational_Home.java:21)
	at pom.ScholasticInternational_Home.<init>(ScholasticInternational_Home.java:21)
	at pom.ScholasticInternational_Home.<init>(ScholasticInternational_Home.java:21)
	at pom.ScholasticInternational_Home.<init>(ScholasticInternational_Home.java:21)
	at pom.ScholasticInternational_Home.<init>(ScholasticInternational_Home.java:21)
	at pom.ScholasticInternational_Home.<init>(ScholasticInternational_Home.java:21)
	at pom.ScholasticInternational_Home.<init>(ScholasticInternational_Home.java:21)
	at pom.ScholasticInternational_Home.<init>(ScholasticInternational_Home.java:21)
	at pom.ScholasticInternational_Home.<init>(ScholasticInternational_Home.java:21)
	at pom.ScholasticInternational_Home.<init>(ScholasticInternational_Home.java:21)
	at pom.ScholasticInternational_Home.<init>(ScholasticInternational_Home.java:21)
	at pom.ScholasticInternational_Home.<init>(ScholasticInternational_Home.java:21)
	at pom.ScholasticInternational_Home.<init>(ScholasticInternational_Home.java:21)
	at pom.ScholasticInternational_Home.<init>(ScholasticInternational_Home.java:21)
	at pom.ScholasticInternational_Home.<init>(ScholasticInternational_Home.java:21)
	at pom.ScholasticInternational_Home.<init>(ScholasticInternational_Home.java:21)
	at pom.ScholasticInternational_Home.<init>(ScholasticInternational_Home.java:21)
	at pom.ScholasticInternational_Home.<init>(ScholasticInternational_Home.java:21)
	at pom.ScholasticInternational_Home.<init>(ScholasticInternational_Home.java:21)
	at pom.ScholasticInternational_Home.<init>(ScholasticInternational_Home.java:21)
	at pom.ScholasticInternational_Home.<init>(ScholasticInternational_Home.java:21)
	at pom.ScholasticInternational_Home.<init>(ScholasticInternational_Home.java:21)
	at pom.ScholasticInternational_Home.<init>(ScholasticInternational_Home.java:21)
	at pom.ScholasticInternational_Home.<init>(ScholasticInternational_Home.java:21)
	at pom.ScholasticInternational_Home.<init>(ScholasticInternational_Home.java:21)
	at pom.ScholasticInternational_Home.<init>(ScholasticInternational_Home.java:21)
	at pom.ScholasticInternational_Home.<init>(ScholasticInternational_Home.java:21)
	at pom.ScholasticInternational_Home.<init>(ScholasticInternational_Home.java:21)
	at pom.ScholasticInternational_Home.<init>(ScholasticInternational_Home.java:21)
	at pom.ScholasticInternational_Home.<init>(ScholasticInternational_Home.java:21)
	at pom.ScholasticInternational_Home.<init>(ScholasticInternational_Home.java:21)
	at pom.ScholasticInternational_Home.<init>(ScholasticInternational_Home.java:21)
	at pom.ScholasticInternational_Home.<init>(ScholasticInternational_Home.java:21)
	at pom.ScholasticInternational_Home.<init>(ScholasticInternational_Home.java:21)
	at pom.ScholasticInternational_Home.<init>(ScholasticInternational_Home.java:21)
	at pom.ScholasticInternational_Home.<init>(ScholasticInternational_Home.java:21)
	at pom.ScholasticInternational_Home.<init>(ScholasticInternational_Home.java:21)
	at pom.ScholasticInternational_Home.<init>(ScholasticInternational_Home.java:21)
	at pom.ScholasticInternational_Home.<init>(ScholasticInternational_Home.java:21)
	at pom.ScholasticInternational_Home.<init>(ScholasticInternational_Home.java:21)
	at pom.ScholasticInternational_Home.<init>(ScholasticInternational_Home.java:21)
	at pom.ScholasticInternational_Home.<init>(ScholasticInternational_Home.java:21)
	at pom.ScholasticInternational_Home.<init>(ScholasticInternational_Home.java:21)
	at pom.ScholasticInternational_Home.<init>(ScholasticInternational_Home.java:21)
	at pom.ScholasticInternational_Home.<init>(ScholasticInternational_Home.java:21)
	at pom.ScholasticInternational_Home.<init>(ScholasticInternational_Home.java:21)
	at pom.ScholasticInternational_Home.<init>(ScholasticInternational_Home.java:21)
	at pom.ScholasticInternational_Home.<init>(ScholasticInternational_Home.java:21)
	at pom.ScholasticInternational_Home.<init>(ScholasticInternational_Home.java:21)
	at pom.ScholasticInternational_Home.<init>(ScholasticInternational_Home.java:21)
	at pom.ScholasticInternational_Home.<init>(ScholasticInternational_Home.java:21)
	at pom.ScholasticInternational_Home.<init>(ScholasticInternational_Home.java:21)
	at pom.ScholasticInternational_Home.<init>(ScholasticInternational_Home.java:21)
	at pom.ScholasticInternational_Home.<init>(ScholasticInternational_Home.java:21)
	at pom.ScholasticInternational_Home.<init>(ScholasticInternational_Home.java:21)
	at pom.ScholasticInternational_Home.<init>(ScholasticInternational_Home.java:21)
	at pom.ScholasticInternational_Home.<init>(ScholasticInternational_Home.java:21)
	at pom.ScholasticInternational_Home.<init>(ScholasticInternational_Home.java:21)
	at pom.ScholasticInternational_Home.<init>(ScholasticInternational_Home.java:21)
	at pom.ScholasticInternational_Home.<init>(ScholasticInternational_Home.java:21)
	at pom.ScholasticInternational_Home.<init>(ScholasticInternational_Home.java:21)
	at pom.ScholasticInternational_Home.<init>(ScholasticInternational_Home.java:21)
	at pom.ScholasticInternational_Home.<init>(ScholasticInternational_Home.java:21)
	at pom.ScholasticInternational_Home.<init>(ScholasticInternational_Home.java:21)
	at pom.ScholasticInternational_Home.<init>(ScholasticInternational_Home.java:21)
	at pom.ScholasticInternational_Home.<init>(ScholasticInternational_Home.java:21)
	at pom.ScholasticInternational_Home.<init>(ScholasticInternational_Home.java:21)
	at pom.ScholasticInternational_Home.<init>(ScholasticInternational_Home.java:21)
	at pom.ScholasticInternational_Home.<init>(ScholasticInternational_Home.java:21)
	at pom.ScholasticInternational_Home.<init>(ScholasticInternational_Home.java:21)
	at pom.ScholasticInternational_Home.<init>(ScholasticInternational_Home.java:21)
	at pom.ScholasticInternational_Home.<init>(ScholasticInternational_Home.java:21)
	at pom.ScholasticInternational_Home.<init>(ScholasticInternational_Home.java:21)
	at pom.ScholasticInternational_Home.<init>(ScholasticInternational_Home.java:21)
	at pom.ScholasticInternational_Home.<init>(ScholasticInternational_Home.java:21)
	at pom.ScholasticInternational_Home.<init>(ScholasticInternational_Home.java:21)
	at pom.ScholasticInternational_Home.<init>(ScholasticInternational_Home.java:21)
	at pom.ScholasticInternational_Home.<init>(ScholasticInternational_Home.java:21)
	at pom.ScholasticInternational_Home.<init>(ScholasticInternational_Home.java:21)
	at pom.ScholasticInternational_Home.<init>(ScholasticInternational_Home.java:21)
	at pom.ScholasticInternational_Home.<init>(ScholasticInternational_Home.java:21)
	at pom.ScholasticInternational_Home.<init>(ScholasticInternational_Home.java:21)
	at pom.ScholasticInternational_Home.<init>(ScholasticInternational_Home.java:21)
	at pom.ScholasticInternational_Home.<init>(ScholasticInternational_Home.java:21)
	at pom.ScholasticInternational_Home.<init>(ScholasticInternational_Home.java:21)
	at pom.ScholasticInternational_Home.<init>(ScholasticInternational_Home.java:21)
	at pom.ScholasticInternational_Home.<init>(ScholasticInternational_Home.java:21)
	at pom.ScholasticInternational_Home.<init>(ScholasticInternational_Home.java:21)
	at pom.ScholasticInternational_Home.<init>(ScholasticInternational_Home.java:21)
	at pom.ScholasticInternational_Home.<init>(ScholasticInternational_Home.java:21)
	at pom.ScholasticInternational_Home.<init>(ScholasticInternational_Home.java:21)
	at pom.ScholasticInternational_Home.<init>(ScholasticInternational_Home.java:21)
	at pom.ScholasticInternational_Home.<init>(ScholasticInternational_Home.java:21)
	at pom.ScholasticInternational_Home.<init>(ScholasticInternational_Home.java:21)
	at pom.ScholasticInternational_Home.<init>(ScholasticInternational_Home.java:21)
	at pom.ScholasticInternational_Home.<init>(ScholasticInternational_Home.java:21)
	at pom.ScholasticInternational_Home.<init>(ScholasticInternational_Home.java:21)
	at pom.ScholasticInternational_Home.<init>(ScholasticInternational_Home.java:21)
	at pom.ScholasticInternational_Home.<init>(ScholasticInternational_Home.java:21)
	at pom.ScholasticInternational_Home.<init>(ScholasticInternational_Home.java:21)
	at pom.ScholasticInternational_Home.<init>(ScholasticInternational_Home.java:21)
	at pom.ScholasticInternational_Home.<init>(ScholasticInternational_Home.java:21)
	at pom.ScholasticInternational_Home.<init>(ScholasticInternational_Home.java:21)
	at pom.ScholasticInternational_Home.<init>(ScholasticInternational_Home.java:21)
	at pom.ScholasticInternational_Home.<init>(ScholasticInternational_Home.java:21)
	at pom.ScholasticInternational_Home.<init>(ScholasticInternational_Home.java:21)
	at pom.ScholasticInternational_Home.<init>(ScholasticInternational_Home.java:21)
	at pom.ScholasticInternational_Home.<init>(ScholasticInternational_Home.java:21)
	at pom.ScholasticInternational_Home.<init>(ScholasticInternational_Home.java:21)
	at pom.ScholasticInternational_Home.<init>(ScholasticInternational_Home.java:21)
	at pom.ScholasticInternational_Home.<init>(ScholasticInternational_Home.java:21)
	at pom.ScholasticInternational_Home.<init>(ScholasticInternational_Home.java:21)
	at pom.ScholasticInternational_Home.<init>(ScholasticInternational_Home.java:21)
	at pom.ScholasticInternational_Home.<init>(ScholasticInternational_Home.java:21)
	at pom.ScholasticInternational_Home.<init>(ScholasticInternational_Home.java:21)
	at pom.ScholasticInternational_Home.<init>(ScholasticInternational_Home.java:21)
	at pom.ScholasticInternational_Home.<init>(ScholasticInternational_Home.java:21)
	at pom.ScholasticInternational_Home.<init>(ScholasticInternational_Home.java:21)
	at pom.ScholasticInternational_Home.<init>(ScholasticInternational_Home.java:21)
	at pom.ScholasticInternational_Home.<init>(ScholasticInternational_Home.java:21)
	at pom.ScholasticInternational_Home.<init>(ScholasticInternational_Home.java:21)
	at pom.ScholasticInternational_Home.<init>(ScholasticInternational_Home.java:21)
	at pom.ScholasticInternational_Home.<init>(ScholasticInternational_Home.java:21)
	at pom.ScholasticInternational_Home.<init>(ScholasticInternational_Home.java:21)
	at pom.ScholasticInternational_Home.<init>(ScholasticInternational_Home.java:21)
	at pom.ScholasticInternational_Home.<init>(ScholasticInternational_Home.java:21)
	at pom.ScholasticInternational_Home.<init>(ScholasticInternational_Home.java:21)
	at pom.ScholasticInternational_Home.<init>(ScholasticInternational_Home.java:21)
	at pom.ScholasticInternational_Home.<init>(ScholasticInternational_Home.java:21)
	at pom.ScholasticInternational_Home.<init>(ScholasticInternational_Home.java:21)
	at pom.ScholasticInternational_Home.<init>(ScholasticInternational_Home.java:21)
	at pom.ScholasticInternational_Home.<init>(ScholasticInternational_Home.java:21)
	at pom.ScholasticInternational_Home.<init>(ScholasticInternational_Home.java:21)
	at pom.ScholasticInternational_Home.<init>(ScholasticInternational_Home.java:21)
	at pom.ScholasticInternational_Home.<init>(ScholasticInternational_Home.java:21)
	at pom.ScholasticInternational_Home.<init>(ScholasticInternational_Home.java:21)
	at pom.ScholasticInternational_Home.<init>(ScholasticInternational_Home.java:21)
	at pom.ScholasticInternational_Home.<init>(ScholasticInternational_Home.java:21)
	at pom.ScholasticInternational_Home.<init>(ScholasticInternational_Home.java:21)
	at pom.ScholasticInternational_Home.<init>(ScholasticInternational_Home.java:21)
	at pom.ScholasticInternational_Home.<init>(ScholasticInternational_Home.java:21)
	at pom.ScholasticInternational_Home.<init>(ScholasticInternational_Home.java:21)
	at pom.ScholasticInternational_Home.<init>(ScholasticInternational_Home.java:21)
	at pom.ScholasticInternational_Home.<init>(ScholasticInternational_Home.java:21)
	at pom.ScholasticInternational_Home.<init>(ScholasticInternational_Home.java:21)
	at pom.ScholasticInternational_Home.<init>(ScholasticInternational_Home.java:21)
	at pom.ScholasticInternational_Home.<init>(ScholasticInternational_Home.java:21)
	at pom.ScholasticInternational_Home.<init>(ScholasticInternational_Home.java:21)
	at pom.ScholasticInternational_Home.<init>(ScholasticInternational_Home.java:21)
	at pom.ScholasticInternational_Home.<init>(ScholasticInternational_Home.java:21)
	at pom.ScholasticInternational_Home.<init>(ScholasticInternational_Home.java:21)
	at pom.ScholasticInternational_Home.<init>(ScholasticInternational_Home.java:21)
	at pom.ScholasticInternational_Home.<init>(ScholasticInternational_Home.java:21)
	at pom.ScholasticInternational_Home.<init>(ScholasticInternational_Home.java:21)
	at pom.ScholasticInternational_Home.<init>(ScholasticInternational_Home.java:21)
	at pom.ScholasticInternational_Home.<init>(ScholasticInternational_Home.java:21)
	at pom.ScholasticInternational_Home.<init>(ScholasticInternational_Home.java:21)
	at pom.ScholasticInternational_Home.<init>(ScholasticInternational_Home.java:21)
	at pom.ScholasticInternational_Home.<init>(ScholasticInternational_Home.java:21)
	at pom.ScholasticInternational_Home.<init>(ScholasticInternational_Home.java:21)
	at pom.ScholasticInternational_Home.<init>(ScholasticInternational_Home.java:21)
	at pom.ScholasticInternational_Home.<init>(ScholasticInternational_Home.java:21)
	at pom.ScholasticInternational_Home.<init>(ScholasticInternational_Home.java:21)
	at pom.ScholasticInternational_Home.<init>(ScholasticInternational_Home.java:21)
	at pom.ScholasticInternational_Home.<init>(ScholasticInternational_Home.java:21)
	at pom.ScholasticInternational_Home.<init>(ScholasticInternational_Home.java:21)
	at pom.ScholasticInternational_Home.<init>(ScholasticInternational_Home.java:21)
	at pom.ScholasticInternational_Home.<init>(ScholasticInternational_Home.java:21)
	at pom.ScholasticInternational_Home.<init>(ScholasticInternational_Home.java:21)
	at pom.ScholasticInternational_Home.<init>(ScholasticInternational_Home.java:21)
	at pom.ScholasticInternational_Home.<init>(ScholasticInternational_Home.java:21)
	at pom.ScholasticInternational_Home.<init>(ScholasticInternational_Home.java:21)
	at pom.ScholasticInternational_Home.<init>(ScholasticInternational_Home.java:21)
	at pom.ScholasticInternational_Home.<init>(ScholasticInternational_Home.java:21)
	at pom.ScholasticInternational_Home.<init>(ScholasticInternational_Home.java:21)
	at pom.ScholasticInternational_Home.<init>(ScholasticInternational_Home.java:21)
	at pom.ScholasticInternational_Home.<init>(ScholasticInternational_Home.java:21)
	at pom.ScholasticInternational_Home.<init>(ScholasticInternational_Home.java:21)
	at pom.ScholasticInternational_Home.<init>(ScholasticInternational_Home.java:21)
	at pom.ScholasticInternational_Home.<init>(ScholasticInternational_Home.java:21)
	at pom.ScholasticInternational_Home.<init>(ScholasticInternational_Home.java:21)
	at pom.ScholasticInternational_Home.<init>(ScholasticInternational_Home.java:21)
	at pom.ScholasticInternational_Home.<init>(ScholasticInternational_Home.java:21)
	at pom.ScholasticInternational_Home.<init>(ScholasticInternational_Home.java:21)
	at pom.ScholasticInternational_Home.<init>(ScholasticInternational_Home.java:21)
	at pom.ScholasticInternational_Home.<init>(ScholasticInternational_Home.java:21)
	at pom.ScholasticInternational_Home.<init>(ScholasticInternational_Home.java:21)
	at pom.ScholasticInternational_Home.<init>(ScholasticInternational_Home.java:21)
	at pom.ScholasticInternational_Home.<init>(ScholasticInternational_Home.java:21)
	at pom.ScholasticInternational_Home.<init>(ScholasticInternational_Home.java:21)
	at pom.ScholasticInternational_Home.<init>(ScholasticInternational_Home.java:21)
	at pom.ScholasticInternational_Home.<init>(ScholasticInternational_Home.java:21)
	at pom.ScholasticInternational_Home.<init>(ScholasticInternational_Home.java:21)
	at pom.ScholasticInternational_Home.<init>(ScholasticInternational_Home.java:21)
	at pom.ScholasticInternational_Home.<init>(ScholasticInternational_Home.java:21)
	at pom.ScholasticInternational_Home.<init>(ScholasticInternational_Home.java:21)
	at pom.ScholasticInternational_Home.<init>(ScholasticInternational_Home.java:21)
	at pom.ScholasticInternational_Home.<init>(ScholasticInternational_Home.java:21)
	at pom.ScholasticInternational_Home.<init>(ScholasticInternational_Home.java:21)
	at pom.ScholasticInternational_Home.<init>(ScholasticInternational_Home.java:21)
	at pom.ScholasticInternational_Home.<init>(ScholasticInternational_Home.java:21)
	at pom.ScholasticInternational_Home.<init>(ScholasticInternational_Home.java:21)
	at pom.ScholasticInternational_Home.<init>(ScholasticInternational_Home.java:21)
	at pom.ScholasticInternational_Home.<init>(ScholasticInternational_Home.java:21)
	at pom.ScholasticInternational_Home.<init>(ScholasticInternational_Home.java:21)
	at pom.ScholasticInternational_Home.<init>(ScholasticInternational_Home.java:21)
	at pom.ScholasticInternational_Home.<init>(ScholasticInternational_Home.java:21)
	at pom.ScholasticInternational_Home.<init>(ScholasticInternational_Home.java:21)
	at pom.ScholasticInternational_Home.<init>(ScholasticInternational_Home.java:21)
	at pom.ScholasticInternational_Home.<init>(ScholasticInternational_Home.java:21)
	at pom.ScholasticInternational_Home.<init>(ScholasticInternational_Home.java:21)
	at pom.ScholasticInternational_Home.<init>(ScholasticInternational_Home.java:21)
	at pom.ScholasticInternational_Home.<init>(ScholasticInternational_Home.java:21)
	at pom.ScholasticInternational_Home.<init>(ScholasticInternational_Home.java:21)
	at pom.ScholasticInternational_Home.<init>(ScholasticInternational_Home.java:21)
	at pom.ScholasticInternational_Home.<init>(ScholasticInternational_Home.java:21)
	at pom.ScholasticInternational_Home.<init>(ScholasticInternational_Home.java:21)
	at pom.ScholasticInternational_Home.<init>(ScholasticInternational_Home.java:21)
	at pom.ScholasticInternational_Home.<init>(ScholasticInternational_Home.java:21)
	at pom.ScholasticInternational_Home.<init>(ScholasticInternational_Home.java:21)
	at pom.ScholasticInternational_Home.<init>(ScholasticInternational_Home.java:21)
	at pom.ScholasticInternational_Home.<init>(ScholasticInternational_Home.java:21)
	at pom.ScholasticInternational_Home.<init>(ScholasticInternational_Home.java:21)
	at pom.ScholasticInternational_Home.<init>(ScholasticInternational_Home.java:21)
	at pom.ScholasticInternational_Home.<init>(ScholasticInternational_Home.java:21)
	at pom.ScholasticInternational_Home.<init>(ScholasticInternational_Home.java:21)
	at pom.ScholasticInternational_Home.<init>(ScholasticInternational_Home.java:21)
	at pom.ScholasticInternational_Home.<init>(ScholasticInternational_Home.java:21)
	at pom.ScholasticInternational_Home.<init>(ScholasticInternational_Home.java:21)
	at pom.ScholasticInternational_Home.<init>(ScholasticInternational_Home.java:21)
	at pom.ScholasticInternational_Home.<init>(ScholasticInternational_Home.java:21)
	at pom.ScholasticInternational_Home.<init>(ScholasticInternational_Home.java:21)
	at pom.ScholasticInternational_Home.<init>(ScholasticInternational_Home.java:21)
	at pom.ScholasticInternational_Home.<init>(ScholasticInternational_Home.java:21)
	at pom.ScholasticInternational_Home.<init>(ScholasticInternational_Home.java:21)
	at pom.ScholasticInternational_Home.<init>(ScholasticInternational_Home.java:21)
	at pom.ScholasticInternational_Home.<init>(ScholasticInternational_Home.java:21)
	at pom.ScholasticInternational_Home.<init>(ScholasticInternational_Home.java:21)
	at pom.ScholasticInternational_Home.<init>(ScholasticInternational_Home.java:21)
	at pom.ScholasticInternational_Home.<init>(ScholasticInternational_Home.java:21)
	at pom.ScholasticInternational_Home.<init>(ScholasticInternational_Home.java:21)
	at pom.ScholasticInternational_Home.<init>(ScholasticInternational_Home.java:21)
	at pom.ScholasticInternational_Home.<init>(ScholasticInternational_Home.java:21)
	at pom.ScholasticInternational_Home.<init>(ScholasticInternational_Home.java:21)
	at pom.ScholasticInternational_Home.<init>(ScholasticInternational_Home.java:21)
	at pom.ScholasticInternational_Home.<init>(ScholasticInternational_Home.java:21)
	at pom.ScholasticInternational_Home.<init>(ScholasticInternational_Home.java:21)
	at pom.ScholasticInternational_Home.<init>(ScholasticInternational_Home.java:21)
	at pom.ScholasticInternational_Home.<init>(ScholasticInternational_Home.java:21)
	at pom.ScholasticInternational_Home.<init>(ScholasticInternational_Home.java:21)
	at pom.ScholasticInternational_Home.<init>(ScholasticInternational_Home.java:21)
	at pom.ScholasticInternational_Home.<init>(ScholasticInternational_Home.java:21)
	at pom.ScholasticInternational_Home.<init>(ScholasticInternational_Home.java:21)
	at pom.ScholasticInternational_Home.<init>(ScholasticInternational_Home.java:21)
	at pom.ScholasticInternational_Home.<init>(ScholasticInternational_Home.java:21)
	at pom.ScholasticInternational_Home.<init>(ScholasticInternational_Home.java:21)
	at pom.ScholasticInternational_Home.<init>(ScholasticInternational_Home.java:21)
	at pom.ScholasticInternational_Home.<init>(ScholasticInternational_Home.java:21)
	at pom.ScholasticInternational_Home.<init>(ScholasticInternational_Home.java:21)
	at pom.ScholasticInternational_Home.<init>(ScholasticInternational_Home.java:21)
	at pom.ScholasticInternational_Home.<init>(ScholasticInternational_Home.java:21)
	at pom.ScholasticInternational_Home.<init>(ScholasticInternational_Home.java:21)
	at pom.ScholasticInternational_Home.<init>(ScholasticInternational_Home.java:21)
	at pom.ScholasticInternational_Home.<init>(ScholasticInternational_Home.java:21)
	at pom.ScholasticInternational_Home.<init>(ScholasticInternational_Home.java:21)
	at pom.ScholasticInternational_Home.<init>(ScholasticInternational_Home.java:21)
	at pom.ScholasticInternational_Home.<init>(ScholasticInternational_Home.java:21)
	at pom.ScholasticInternational_Home.<init>(ScholasticInternational_Home.java:21)
	at pom.ScholasticInternational_Home.<init>(ScholasticInternational_Home.java:21)
	at pom.ScholasticInternational_Home.<init>(ScholasticInternational_Home.java:21)
	at pom.ScholasticInternational_Home.<init>(ScholasticInternational_Home.java:21)
	at pom.ScholasticInternational_Home.<init>(ScholasticInternational_Home.java:21)
	at pom.ScholasticInternational_Home.<init>(ScholasticInternational_Home.java:21)
	at pom.ScholasticInternational_Home.<init>(ScholasticInternational_Home.java:21)
	at pom.ScholasticInternational_Home.<init>(ScholasticInternational_Home.java:21)
	at pom.ScholasticInternational_Home.<init>(ScholasticInternational_Home.java:21)
	at pom.ScholasticInternational_Home.<init>(ScholasticInternational_Home.java:21)
	at pom.ScholasticInternational_Home.<init>(ScholasticInternational_Home.java:21)
	at pom.ScholasticInternational_Home.<init>(ScholasticInternational_Home.java:21)
	at pom.ScholasticInternational_Home.<init>(ScholasticInternational_Home.java:21)
	at pom.ScholasticInternational_Home.<init>(ScholasticInternational_Home.java:21)
	at pom.ScholasticInternational_Home.<init>(ScholasticInternational_Home.java:21)
	at pom.ScholasticInternational_Home.<init>(ScholasticInternational_Home.java:21)
	at pom.ScholasticInternational_Home.<init>(ScholasticInternational_Home.java:21)
	at pom.ScholasticInternational_Home.<init>(ScholasticInternational_Home.java:21)
	at pom.ScholasticInternational_Home.<init>(ScholasticInternational_Home.java:21)
	at pom.ScholasticInternational_Home.<init>(ScholasticInternational_Home.java:21)
	at pom.ScholasticInternational_Home.<init>(ScholasticInternational_Home.java:21)
	at pom.ScholasticInternational_Home.<init>(ScholasticInternational_Home.java:21)
	at pom.ScholasticInternational_Home.<init>(ScholasticInternational_Home.java:21)
	at pom.ScholasticInternational_Home.<init>(ScholasticInternational_Home.java:21)
	at pom.ScholasticInternational_Home.<init>(ScholasticInternational_Home.java:21)
	at pom.ScholasticInternational_Home.<init>(ScholasticInternational_Home.java:21)
	at pom.ScholasticInternational_Home.<init>(ScholasticInternational_Home.java:21)
	at pom.ScholasticInternational_Home.<init>(ScholasticInternational_Home.java:21)
	at pom.ScholasticInternational_Home.<init>(ScholasticInternational_Home.java:21)
	at pom.ScholasticInternational_Home.<init>(ScholasticInternational_Home.java:21)
	at pom.ScholasticInternational_Home.<init>(ScholasticInternational_Home.java:21)
	at pom.ScholasticInternational_Home.<init>(ScholasticInternational_Home.java:21)
	at pom.ScholasticInternational_Home.<init>(ScholasticInternational_Home.java:21)
	at pom.ScholasticInternational_Home.<init>(ScholasticInternational_Home.java:21)
	at pom.ScholasticInternational_Home.<init>(ScholasticInternational_Home.java:21)
	at pom.ScholasticInternational_Home.<init>(ScholasticInternational_Home.java:21)
	at pom.ScholasticInternational_Home.<init>(ScholasticInternational_Home.java:21)
	at pom.ScholasticInternational_Home.<init>(ScholasticInternational_Home.java:21)
	at pom.ScholasticInternational_Home.<init>(ScholasticInternational_Home.java:21)
	at pom.ScholasticInternational_Home.<init>(ScholasticInternational_Home.java:21)
	at pom.ScholasticInternational_Home.<init>(ScholasticInternational_Home.java:21)
	at pom.ScholasticInternational_Home.<init>(ScholasticInternational_Home.java:21)
	at pom.ScholasticInternational_Home.<init>(ScholasticInternational_Home.java:21)
	at pom.ScholasticInternational_Home.<init>(ScholasticInternational_Home.java:21)
	at pom.ScholasticInternational_Home.<init>(ScholasticInternational_Home.java:21)
	at pom.ScholasticInternational_Home.<init>(ScholasticInternational_Home.java:21)
	at pom.ScholasticInternational_Home.<init>(ScholasticInternational_Home.java:21)
	at pom.ScholasticInternational_Home.<init>(ScholasticInternational_Home.java:21)
	at pom.ScholasticInternational_Home.<init>(ScholasticInternational_Home.java:21)
	at pom.ScholasticInternational_Home.<init>(ScholasticInternational_Home.java:21)
	at pom.ScholasticInternational_Home.<init>(ScholasticInternational_Home.java:21)
	at pom.ScholasticInternational_Home.<init>(ScholasticInternational_Home.java:21)
	at pom.ScholasticInternational_Home.<init>(ScholasticInternational_Home.java:21)
	at pom.ScholasticInternational_Home.<init>(ScholasticInternational_Home.java:21)
	at pom.ScholasticInternational_Home.<init>(ScholasticInternational_Home.java:21)
	at pom.ScholasticInternational_Home.<init>(ScholasticInternational_Home.java:21)
	at pom.ScholasticInternational_Home.<init>(ScholasticInternational_Home.java:21)
	at pom.ScholasticInternational_Home.<init>(ScholasticInternational_Home.java:21)
	at pom.ScholasticInternational_Home.<init>(ScholasticInternational_Home.java:21)
	at pom.ScholasticInternational_Home.<init>(ScholasticInternational_Home.java:21)
	at pom.ScholasticInternational_Home.<init>(ScholasticInternational_Home.java:21)
	at pom.ScholasticInternational_Home.<init>(ScholasticInternational_Home.java:21)
	at pom.ScholasticInternational_Home.<init>(ScholasticInternational_Home.java:21)
	at pom.ScholasticInternational_Home.<init>(ScholasticInternational_Home.java:21)
	at pom.ScholasticInternational_Home.<init>(ScholasticInternational_Home.java:21)
	at pom.ScholasticInternational_Home.<init>(ScholasticInternational_Home.java:21)
	at pom.ScholasticInternational_Home.<init>(ScholasticInternational_Home.java:21)
	at pom.ScholasticInternational_Home.<init>(ScholasticInternational_Home.java:21)
	at pom.ScholasticInternational_Home.<init>(ScholasticInternational_Home.java:21)
	at pom.ScholasticInternational_Home.<init>(ScholasticInternational_Home.java:21)
	at pom.ScholasticInternational_Home.<init>(ScholasticInternational_Home.java:21)
	at pom.ScholasticInternational_Home.<init>(ScholasticInternational_Home.java:21)
	at pom.ScholasticInternational_Home.<init>(ScholasticInternational_Home.java:21)
	at pom.ScholasticInternational_Home.<init>(ScholasticInternational_Home.java:21)
	at pom.ScholasticInternational_Home.<init>(ScholasticInternational_Home.java:21)
	at pom.ScholasticInternational_Home.<init>(ScholasticInternational_Home.java:21)
	at pom.ScholasticInternational_Home.<init>(ScholasticInternational_Home.java:21)
	at pom.ScholasticInternational_Home.<init>(ScholasticInternational_Home.java:21)
	at pom.ScholasticInternational_Home.<init>(ScholasticInternational_Home.java:21)
	at pom.ScholasticInternational_Home.<init>(ScholasticInternational_Home.java:21)
	at pom.ScholasticInternational_Home.<init>(ScholasticInternational_Home.java:21)
	at pom.ScholasticInternational_Home.<init>(ScholasticInternational_Home.java:21)
	at pom.ScholasticInternational_Home.<init>(ScholasticInternational_Home.java:21)
	at pom.ScholasticInternational_Home.<init>(ScholasticInternational_Home.java:21)
	at pom.ScholasticInternational_Home.<init>(ScholasticInternational_Home.java:21)
	at pom.ScholasticInternational_Home.<init>(ScholasticInternational_Home.java:21)
	at pom.ScholasticInternational_Home.<init>(ScholasticInternational_Home.java:21)
	at pom.ScholasticInternational_Home.<init>(ScholasticInternational_Home.java:21)
	at pom.ScholasticInternational_Home.<init>(ScholasticInternational_Home.java:21)
	at pom.ScholasticInternational_Home.<init>(ScholasticInternational_Home.java:21)
	at pom.ScholasticInternational_Home.<init>(ScholasticInternational_Home.java:21)
	at pom.ScholasticInternational_Home.<init>(ScholasticInternational_Home.java:21)
	at pom.ScholasticInternational_Home.<init>(ScholasticInternational_Home.java:21)
	at pom.ScholasticInternational_Home.<init>(ScholasticInternational_Home.java:21)
	at pom.ScholasticInternational_Home.<init>(ScholasticInternational_Home.java:21)
	at pom.ScholasticInternational_Home.<init>(ScholasticInternational_Home.java:21)
	at pom.ScholasticInternational_Home.<init>(ScholasticInternational_Home.java:21)
	at pom.ScholasticInternational_Home.<init>(ScholasticInternational_Home.java:21)
	at pom.ScholasticInternational_Home.<init>(ScholasticInternational_Home.java:21)
	at pom.ScholasticInternational_Home.<init>(ScholasticInternational_Home.java:21)
	at pom.ScholasticInternational_Home.<init>(ScholasticInternational_Home.java:21)
	at pom.ScholasticInternational_Home.<init>(ScholasticInternational_Home.java:21)
	at pom.ScholasticInternational_Home.<init>(ScholasticInternational_Home.java:21)
	at pom.ScholasticInternational_Home.<init>(ScholasticInternational_Home.java:21)
	at pom.ScholasticInternational_Home.<init>(ScholasticInternational_Home.java:21)
	at pom.ScholasticInternational_Home.<init>(ScholasticInternational_Home.java:21)
	at pom.ScholasticInternational_Home.<init>(ScholasticInternational_Home.java:21)
	at pom.ScholasticInternational_Home.<init>(ScholasticInternational_Home.java:21)
	at pom.ScholasticInternational_Home.<init>(ScholasticInternational_Home.java:21)
	at pom.ScholasticInternational_Home.<init>(ScholasticInternational_Home.java:21)
	at pom.ScholasticInternational_Home.<init>(ScholasticInternational_Home.java:21)
	at pom.ScholasticInternational_Home.<init>(ScholasticInternational_Home.java:21)
	at pom.ScholasticInternational_Home.<init>(ScholasticInternational_Home.java:21)
	at pom.ScholasticInternational_Home.<init>(ScholasticInternational_Home.java:21)
	at pom.ScholasticInternational_Home.<init>(ScholasticInternational_Home.java:21)
	at pom.ScholasticInternational_Home.<init>(ScholasticInternational_Home.java:21)
	at pom.ScholasticInternational_Home.<init>(ScholasticInternational_Home.java:21)
	at pom.ScholasticInternational_Home.<init>(ScholasticInternational_Home.java:21)
	at pom.ScholasticInternational_Home.<init>(ScholasticInternational_Home.java:21)
	at pom.ScholasticInternational_Home.<init>(ScholasticInternational_Home.java:21)
	at pom.ScholasticInternational_Home.<init>(ScholasticInternational_Home.java:21)
	at pom.ScholasticInternational_Home.<init>(ScholasticInternational_Home.java:21)
	at pom.ScholasticInternational_Home.<init>(ScholasticInternational_Home.java:21)
	at pom.ScholasticInternational_Home.<init>(ScholasticInternational_Home.java:21)
	at pom.ScholasticInternational_Home.<init>(ScholasticInternational_Home.java:21)
	at pom.ScholasticInternational_Home.<init>(ScholasticInternational_Home.java:21)
	at pom.ScholasticInternational_Home.<init>(ScholasticInternational_Home.java:21)
	at pom.ScholasticInternational_Home.<init>(ScholasticInternational_Home.java:21)
	at pom.ScholasticInternational_Home.<init>(ScholasticInternational_Home.java:21)
	at pom.ScholasticInternational_Home.<init>(ScholasticInternational_Home.java:21)
	at pom.ScholasticInternational_Home.<init>(ScholasticInternational_Home.java:21)
	at pom.ScholasticInternational_Home.<init>(ScholasticInternational_Home.java:21)
	at pom.ScholasticInternational_Home.<init>(ScholasticInternational_Home.java:21)
	at pom.ScholasticInternational_Home.<init>(ScholasticInternational_Home.java:21)
	at pom.ScholasticInternational_Home.<init>(ScholasticInternational_Home.java:21)
	at pom.ScholasticInternational_Home.<init>(ScholasticInternational_Home.java:21)
	at pom.ScholasticInternational_Home.<init>(ScholasticInternational_Home.java:21)
	at pom.ScholasticInternational_Home.<init>(ScholasticInternational_Home.java:21)
	at pom.ScholasticInternational_Home.<init>(ScholasticInternational_Home.java:21)
	at pom.ScholasticInternational_Home.<init>(ScholasticInternational_Home.java:21)
	at pom.ScholasticInternational_Home.<init>(ScholasticInternational_Home.java:21)
	at pom.ScholasticInternational_Home.<init>(ScholasticInternational_Home.java:21)
	at pom.ScholasticInternational_Home.<init>(ScholasticInternational_Home.java:21)
	at pom.ScholasticInternational_Home.<init>(ScholasticInternational_Home.java:21)
	at pom.ScholasticInternational_Home.<init>(ScholasticInternational_Home.java:21)
	at pom.ScholasticInternational_Home.<init>(ScholasticInternational_Home.java:21)
	at pom.ScholasticInternational_Home.<init>(ScholasticInternational_Home.java:21)
	at pom.ScholasticInternational_Home.<init>(ScholasticInternational_Home.java:21)
	at pom.ScholasticInternational_Home.<init>(ScholasticInternational_Home.java:21)
	at pom.ScholasticInternational_Home.<init>(ScholasticInternational_Home.java:21)
	at pom.ScholasticInternational_Home.<init>(ScholasticInternational_Home.java:21)
	at pom.ScholasticInternational_Home.<init>(ScholasticInternational_Home.java:21)
	at pom.ScholasticInternational_Home.<init>(ScholasticInternational_Home.java:21)
	at pom.ScholasticInternational_Home.<init>(ScholasticInternational_Home.java:21)
	at pom.ScholasticInternational_Home.<init>(ScholasticInternational_Home.java:21)
	at pom.ScholasticInternational_Home.<init>(ScholasticInternational_Home.java:21)
	at pom.ScholasticInternational_Home.<init>(ScholasticInternational_Home.java:21)
	at pom.ScholasticInternational_Home.<init>(ScholasticInternational_Home.java:21)
	at pom.ScholasticInternational_Home.<init>(ScholasticInternational_Home.java:21)
	at pom.ScholasticInternational_Home.<init>(ScholasticInternational_Home.java:21)
	at pom.ScholasticInternational_Home.<init>(ScholasticInternational_Home.java:21)
	at pom.ScholasticInternational_Home.<init>(ScholasticInternational_Home.java:21)
	at pom.ScholasticInternational_Home.<init>(ScholasticInternational_Home.java:21)
	at pom.ScholasticInternational_Home.<init>(ScholasticInternational_Home.java:21)
	at pom.ScholasticInternational_Home.<init>(ScholasticInternational_Home.java:21)
	at pom.ScholasticInternational_Home.<init>(ScholasticInternational_Home.java:21)
	at pom.ScholasticInternational_Home.<init>(ScholasticInternational_Home.java:21)
	at pom.ScholasticInternational_Home.<init>(ScholasticInternational_Home.java:21)
	at pom.ScholasticInternational_Home.<init>(ScholasticInternational_Home.java:21)
	at pom.ScholasticInternational_Home.<init>(ScholasticInternational_Home.java:21)
	at pom.ScholasticInternational_Home.<init>(ScholasticInternational_Home.java:21)
	at pom.ScholasticInternational_Home.<init>(ScholasticInternational_Home.java:21)
	at pom.ScholasticInternational_Home.<init>(ScholasticInternational_Home.java:21)
	at pom.ScholasticInternational_Home.<init>(ScholasticInternational_Home.java:21)
	at pom.ScholasticInternational_Home.<init>(ScholasticInternational_Home.java:21)
	at pom.ScholasticInternational_Home.<init>(ScholasticInternational_Home.java:21)
	at pom.ScholasticInternational_Home.<init>(ScholasticInternational_Home.java:21)
	at pom.ScholasticInternational_Home.<init>(ScholasticInternational_Home.java:21)
	at pom.ScholasticInternational_Home.<init>(ScholasticInternational_Home.java:21)
	at pom.ScholasticInternational_Home.<init>(ScholasticInternational_Home.java:21)
	at pom.ScholasticInternational_Home.<init>(ScholasticInternational_Home.java:21)
	at pom.ScholasticInternational_Home.<init>(ScholasticInternational_Home.java:21)
	at pom.ScholasticInternational_Home.<init>(ScholasticInternational_Home.java:21)
	at pom.ScholasticInternational_Home.<init>(ScholasticInternational_Home.java:21)
	at pom.ScholasticInternational_Home.<init>(ScholasticInternational_Home.java:21)
	at pom.ScholasticInternational_Home.<init>(ScholasticInternational_Home.java:21)
	at pom.ScholasticInternational_Home.<init>(ScholasticInternational_Home.java:21)
	at pom.ScholasticInternational_Home.<init>(ScholasticInternational_Home.java:21)
	at pom.ScholasticInternational_Home.<init>(ScholasticInternational_Home.java:21)
	at pom.ScholasticInternational_Home.<init>(ScholasticInternational_Home.java:21)
	at pom.ScholasticInternational_Home.<init>(ScholasticInternational_Home.java:21)
	at pom.ScholasticInternational_Home.<init>(ScholasticInternational_Home.java:21)
	at pom.ScholasticInternational_Home.<init>(ScholasticInternational_Home.java:21)
	at pom.ScholasticInternational_Home.<init>(ScholasticInternational_Home.java:21)
	at pom.ScholasticInternational_Home.<init>(ScholasticInternational_Home.java:21)
	at pom.ScholasticInternational_Home.<init>(ScholasticInternational_Home.java:21)
	at pom.ScholasticInternational_Home.<init>(ScholasticInternational_Home.java:21)
	at pom.ScholasticInternational_Home.<init>(ScholasticInternational_Home.java:21)
	at pom.ScholasticInternational_Home.<init>(ScholasticInternational_Home.java:21)
	at pom.ScholasticInternational_Home.<init>(ScholasticInternational_Home.java:21)
	at pom.ScholasticInternational_Home.<init>(ScholasticInternational_Home.java:21)
	at pom.ScholasticInternational_Home.<init>(ScholasticInternational_Home.java:21)
	at pom.ScholasticInternational_Home.<init>(ScholasticInternational_Home.java:21)
	at pom.ScholasticInternational_Home.<init>(ScholasticInternational_Home.java:21)
	at pom.ScholasticInternational_Home.<init>(ScholasticInternational_Home.java:21)
	at pom.ScholasticInternational_Home.<init>(ScholasticInternational_Home.java:21)
	at pom.ScholasticInternational_Home.<init>(ScholasticInternational_Home.java:21)
	at pom.ScholasticInternational_Home.<init>(ScholasticInternational_Home.java:21)
	at pom.ScholasticInternational_Home.<init>(ScholasticInternational_Home.java:21)
	at pom.ScholasticInternational_Home.<init>(ScholasticInternational_Home.java:21)
	at pom.ScholasticInternational_Home.<init>(ScholasticInternational_Home.java:21)
	at pom.ScholasticInternational_Home.<init>(ScholasticInternational_Home.java:21)
	at pom.ScholasticInternational_Home.<init>(ScholasticInternational_Home.java:21)
	at pom.ScholasticInternational_Home.<init>(ScholasticInternational_Home.java:21)
	at pom.ScholasticInternational_Home.<init>(ScholasticInternational_Home.java:21)
	at pom.ScholasticInternational_Home.<init>(ScholasticInternational_Home.java:21)
	at pom.ScholasticInternational_Home.<init>(ScholasticInternational_Home.java:21)
	at pom.ScholasticInternational_Home.<init>(ScholasticInternational_Home.java:21)
	at pom.ScholasticInternational_Home.<init>(ScholasticInternational_Home.java:21)
	at pom.ScholasticInternational_Home.<init>(ScholasticInternational_Home.java:21)
	at pom.ScholasticInternational_Home.<init>(ScholasticInternational_Home.java:21)
	at pom.ScholasticInternational_Home.<init>(ScholasticInternational_Home.java:21)
	at pom.ScholasticInternational_Home.<init>(ScholasticInternational_Home.java:21)
	at pom.ScholasticInternational_Home.<init>(ScholasticInternational_Home.java:21)
	at pom.ScholasticInternational_Home.<init>(ScholasticInternational_Home.java:21)
	at pom.ScholasticInternational_Home.<init>(ScholasticInternational_Home.java:21)
	at pom.ScholasticInternational_Home.<init>(ScholasticInternational_Home.java:21)
	at pom.ScholasticInternational_Home.<init>(ScholasticInternational_Home.java:21)
	at pom.ScholasticInternational_Home.<init>(ScholasticInternational_Home.java:21)
	at pom.ScholasticInternational_Home.<init>(ScholasticInternational_Home.java:21)
	at pom.ScholasticInternational_Home.<init>(ScholasticInternational_Home.java:21)
	at pom.ScholasticInternational_Home.<init>(ScholasticInternational_Home.java:21)
	at pom.ScholasticInternational_Home.<init>(ScholasticInternational_Home.java:21)
	at pom.ScholasticInternational_Home.<init>(ScholasticInternational_Home.java:21)
	at pom.ScholasticInternational_Home.<init>(ScholasticInternational_Home.java:21)
	at pom.ScholasticInternational_Home.<init>(ScholasticInternational_Home.java:21)
	at pom.ScholasticInternational_Home.<init>(ScholasticInternational_Home.java:21)
	at pom.ScholasticInternational_Home.<init>(ScholasticInternational_Home.java:21)
	at pom.ScholasticInternational_Home.<init>(ScholasticInternational_Home.java:21)
	at pom.ScholasticInternational_Home.<init>(ScholasticInternational_Home.java:21)
	at pom.ScholasticInternational_Home.<init>(ScholasticInternational_Home.java:21)
	at pom.ScholasticInternational_Home.<init>(ScholasticInternational_Home.java:21)
	at pom.ScholasticInternational_Home.<init>(ScholasticInternational_Home.java:21)
	at pom.ScholasticInternational_Home.<init>(ScholasticInternational_Home.java:21)
	at pom.ScholasticInternational_Home.<init>(ScholasticInternational_Home.java:21)
	at pom.ScholasticInternational_Home.<init>(ScholasticInternational_Home.java:21)
	at pom.ScholasticInternational_Home.<init>(ScholasticInternational_Home.java:21)
	at pom.ScholasticInternational_Home.<init>(ScholasticInternational_Home.java:21)
	at pom.ScholasticInternational_Home.<init>(ScholasticInternational_Home.java:21)
	at pom.ScholasticInternational_Home.<init>(ScholasticInternational_Home.java:21)
	at pom.ScholasticInternational_Home.<init>(ScholasticInternational_Home.java:21)
	at pom.ScholasticInternational_Home.<init>(ScholasticInternational_Home.java:21)
	at pom.ScholasticInternational_Home.<init>(ScholasticInternational_Home.java:21)
	at pom.ScholasticInternational_Home.<init>(ScholasticInternational_Home.java:21)
	at pom.ScholasticInternational_Home.<init>(ScholasticInternational_Home.java:21)
	at pom.ScholasticInternational_Home.<init>(ScholasticInternational_Home.java:21)
	at pom.ScholasticInternational_Home.<init>(ScholasticInternational_Home.java:21)
	at pom.ScholasticInternational_Home.<init>(ScholasticInternational_Home.java:21)
	at pom.ScholasticInternational_Home.<init>(ScholasticInternational_Home.java:21)
	at pom.ScholasticInternational_Home.<init>(ScholasticInternational_Home.java:21)
	at pom.ScholasticInternational_Home.<init>(ScholasticInternational_Home.java:21)
	at pom.ScholasticInternational_Home.<init>(ScholasticInternational_Home.java:21)
	at pom.ScholasticInternational_Home.<init>(ScholasticInternational_Home.java:21)
	at pom.ScholasticInternational_Home.<init>(ScholasticInternational_Home.java:21)
	at pom.ScholasticInternational_Home.<init>(ScholasticInternational_Home.java:21)
	at pom.ScholasticInternational_Home.<init>(ScholasticInternational_Home.java:21)
	at pom.ScholasticInternational_Home.<init>(ScholasticInternational_Home.java:21)
	at pom.ScholasticInternational_Home.<init>(ScholasticInternational_Home.java:21)
	at pom.ScholasticInternational_Home.<init>(ScholasticInternational_Home.java:21)
	at pom.ScholasticInternational_Home.<init>(ScholasticInternational_Home.java:21)
	at pom.ScholasticInternational_Home.<init>(ScholasticInternational_Home.java:21)
	at pom.ScholasticInternational_Home.<init>(ScholasticInternational_Home.java:21)
	at pom.ScholasticInternational_Home.<init>(ScholasticInternational_Home.java:21)
	at pom.ScholasticInternational_Home.<init>(ScholasticInternational_Home.java:21)
	at pom.ScholasticInternational_Home.<init>(ScholasticInternational_Home.java:21)
	at pom.ScholasticInternational_Home.<init>(ScholasticInternational_Home.java:21)
	at pom.ScholasticInternational_Home.<init>(ScholasticInternational_Home.java:21)
	at pom.ScholasticInternational_Home.<init>(ScholasticInternational_Home.java:21)
	at pom.ScholasticInternational_Home.<init>(ScholasticInternational_Home.java:21)
	at pom.ScholasticInternational_Home.<init>(ScholasticInternational_Home.java:21)
	at pom.ScholasticInternational_Home.<init>(ScholasticInternational_Home.java:21)
	at pom.ScholasticInternational_Home.<init>(ScholasticInternational_Home.java:21)
	at pom.ScholasticInternational_Home.<init>(ScholasticInternational_Home.java:21)
	at pom.ScholasticInternational_Home.<init>(ScholasticInternational_Home.java:21)
	at pom.ScholasticInternational_Home.<init>(ScholasticInternational_Home.java:21)
	at pom.ScholasticInternational_Home.<init>(ScholasticInternational_Home.java:21)
	at pom.ScholasticInternational_Home.<init>(ScholasticInternational_Home.java:21)
	at pom.ScholasticInternational_Home.<init>(ScholasticInternational_Home.java:21)
	at pom.ScholasticInternational_Home.<init>(ScholasticInternational_Home.java:21)
	at pom.ScholasticInternational_Home.<init>(ScholasticInternational_Home.java:21)
	at pom.ScholasticInternational_Home.<init>(ScholasticInternational_Home.java:21)
	at pom.ScholasticInternational_Home.<init>(ScholasticInternational_Home.java:21)
	at pom.ScholasticInternational_Home.<init>(ScholasticInternational_Home.java:21)
	at pom.ScholasticInternational_Home.<init>(ScholasticInternational_Home.java:21)
	at pom.ScholasticInternational_Home.<init>(ScholasticInternational_Home.java:21)
	at pom.ScholasticInternational_Home.<init>(ScholasticInternational_Home.java:21)
	at pom.ScholasticInternational_Home.<init>(ScholasticInternational_Home.java:21)
	at pom.ScholasticInternational_Home.<init>(ScholasticInternational_Home.java:21)
	at pom.ScholasticInternational_Home.<init>(ScholasticInternational_Home.java:21)
	at pom.ScholasticInternational_Home.<init>(ScholasticInternational_Home.java:21)
	at pom.ScholasticInternational_Home.<init>(ScholasticInternational_Home.java:21)
	at pom.ScholasticInternational_Home.<init>(ScholasticInternational_Home.java:21)
	at pom.ScholasticInternational_Home.<init>(ScholasticInternational_Home.java:21)
	at pom.ScholasticInternational_Home.<init>(ScholasticInternational_Home.java:21)
	at pom.ScholasticInternational_Home.<init>(ScholasticInternational_Home.java:21)
	at pom.ScholasticInternational_Home.<init>(ScholasticInternational_Home.java:21)
	at pom.ScholasticInternational_Home.<init>(ScholasticInternational_Home.java:21)
	at pom.ScholasticInternational_Home.<init>(ScholasticInternational_Home.java:21)
	at pom.ScholasticInternational_Home.<init>(ScholasticInternational_Home.java:21)
	at pom.ScholasticInternational_Home.<init>(ScholasticInternational_Home.java:21)
	at pom.ScholasticInternational_Home.<init>(ScholasticInternational_Home.java:21)
	at pom.ScholasticInternational_Home.<init>(ScholasticInternational_Home.java:21)
	at pom.ScholasticInternational_Home.<init>(ScholasticInternational_Home.java:21)
	at pom.ScholasticInternational_Home.<init>(ScholasticInternational_Home.java:21)
	at pom.ScholasticInternational_Home.<init>(ScholasticInternational_Home.java:21)
	at pom.ScholasticInternational_Home.<init>(ScholasticInternational_Home.java:21)
	at pom.ScholasticInternational_Home.<init>(ScholasticInternational_Home.java:21)
	at pom.ScholasticInternational_Home.<init>(ScholasticInternational_Home.java:21)
	at pom.ScholasticInternational_Home.<init>(ScholasticInternational_Home.java:21)
	at pom.ScholasticInternational_Home.<init>(ScholasticInternational_Home.java:21)
	at pom.ScholasticInternational_Home.<init>(ScholasticInternational_Home.java:21)
	at pom.ScholasticInternational_Home.<init>(ScholasticInternational_Home.java:21)
	at pom.ScholasticInternational_Home.<init>(ScholasticInternational_Home.java:21)
	at pom.ScholasticInternational_Home.<init>(ScholasticInternational_Home.java:21)
	at pom.ScholasticInternational_Home.<init>(ScholasticInternational_Home.java:21)
	at pom.ScholasticInternational_Home.<init>(ScholasticInternational_Home.java:21)
	at pom.ScholasticInternational_Home.<init>(ScholasticInternational_Home.java:21)
	at pom.ScholasticInternational_Home.<init>(ScholasticInternational_Home.java:21)
	at pom.ScholasticInternational_Home.<init>(ScholasticInternational_Home.java:21)
	at pom.ScholasticInternational_Home.<init>(ScholasticInternational_Home.java:21)
	at pom.ScholasticInternational_Home.<init>(ScholasticInternational_Home.java:21)
	at pom.ScholasticInternational_Home.<init>(ScholasticInternational_Home.java:21)
	at pom.ScholasticInternational_Home.<init>(ScholasticInternational_Home.java:21)
	at pom.ScholasticInternational_Home.<init>(ScholasticInternational_Home.java:21)
	at pom.ScholasticInternational_Home.<init>(ScholasticInternational_Home.java:21)
	at pom.ScholasticInternational_Home.<init>(ScholasticInternational_Home.java:21)
	at pom.ScholasticInternational_Home.<init>(ScholasticInternational_Home.java:21)
	at pom.ScholasticInternational_Home.<init>(ScholasticInternational_Home.java:21)
	at pom.ScholasticInternational_Home.<init>(ScholasticInternational_Home.java:21)
	at pom.ScholasticInternational_Home.<init>(ScholasticInternational_Home.java:21)
	at pom.ScholasticInternational_Home.<init>(ScholasticInternational_Home.java:21)
	at pom.ScholasticInternational_Home.<init>(ScholasticInternational_Home.java:21)
	at pom.ScholasticInternational_Home.<init>(ScholasticInternational_Home.java:21)
	at pom.ScholasticInternational_Home.<init>(ScholasticInternational_Home.java:21)
	at pom.ScholasticInternational_Home.<init>(ScholasticInternational_Home.java:21)
	at pom.ScholasticInternational_Home.<init>(ScholasticInternational_Home.java:21)
	at pom.ScholasticInternational_Home.<init>(ScholasticInternational_Home.java:21)
	at pom.ScholasticInternational_Home.<init>(ScholasticInternational_Home.java:21)
	at pom.ScholasticInternational_Home.<init>(ScholasticInternational_Home.java:21)
	at pom.ScholasticInternational_Home.<init>(ScholasticInternational_Home.java:21)
	at pom.ScholasticInternational_Home.<init>(ScholasticInternational_Home.java:21)
	at pom.ScholasticInternational_Home.<init>(ScholasticInternational_Home.java:21)
	at pom.ScholasticInternational_Home.<init>(ScholasticInternational_Home.java:21)
	at pom.ScholasticInternational_Home.<init>(ScholasticInternational_Home.java:21)
	at pom.ScholasticInternational_Home.<init>(ScholasticInternational_Home.java:21)
	at pom.ScholasticInternational_Home.<init>(ScholasticInternational_Home.java:21)
	at pom.ScholasticInternational_Home.<init>(ScholasticInternational_Home.java:21)
	at pom.ScholasticInternational_Home.<init>(ScholasticInternational_Home.java:21)
	at pom.ScholasticInternational_Home.<init>(ScholasticInternational_Home.java:21)
	at pom.ScholasticInternational_Home.<init>(ScholasticInternational_Home.java:21)
	at pom.ScholasticInternational_Home.<init>(ScholasticInternational_Home.java:21)
	at pom.ScholasticInternational_Home.<init>(ScholasticInternational_Home.java:21)
	at pom.ScholasticInternational_Home.<init>(ScholasticInternational_Home.java:21)
	at pom.ScholasticInternational_Home.<init>(ScholasticInternational_Home.java:21)
	at pom.ScholasticInternational_Home.<init>(ScholasticInternational_Home.java:21)
	at pom.ScholasticInternational_Home.<init>(ScholasticInternational_Home.java:21)
	at pom.ScholasticInternational_Home.<init>(ScholasticInternational_Home.java:21)
	at pom.ScholasticInternational_Home.<init>(ScholasticInternational_Home.java:21)
	at pom.ScholasticInternational_Home.<init>(ScholasticInternational_Home.java:21)
	at pom.ScholasticInternational_Home.<init>(ScholasticInternational_Home.java:21)
	at pom.ScholasticInternational_Home.<init>(ScholasticInternational_Home.java:21)
	at pom.ScholasticInternational_Home.<init>(ScholasticInternational_Home.java:21)
	at pom.ScholasticInternational_Home.<init>(ScholasticInternational_Home.java:21)
	at pom.ScholasticInternational_Home.<init>(ScholasticInternational_Home.java:21)
	at pom.ScholasticInternational_Home.<init>(ScholasticInternational_Home.java:21)
	at pom.ScholasticInternational_Home.<init>(ScholasticInternational_Home.java:21)
	at pom.ScholasticInternational_Home.<init>(ScholasticInternational_Home.java:21)
	at pom.ScholasticInternational_Home.<init>(ScholasticInternational_Home.java:21)
	at pom.ScholasticInternational_Home.<init>(ScholasticInternational_Home.java:21)
	at pom.ScholasticInternational_Home.<init>(ScholasticInternational_Home.java:21)
	at pom.ScholasticInternational_Home.<init>(ScholasticInternational_Home.java:21)
	at pom.ScholasticInternational_Home.<init>(ScholasticInternational_Home.java:21)
	at pom.ScholasticInternational_Home.<init>(ScholasticInternational_Home.java:21)
	at pom.ScholasticInternational_Home.<init>(ScholasticInternational_Home.java:21)
	at pom.ScholasticInternational_Home.<init>(ScholasticInternational_Home.java:21)
	at pom.ScholasticInternational_Home.<init>(ScholasticInternational_Home.java:21)
	at pom.ScholasticInternational_Home.<init>(ScholasticInternational_Home.java:21)
	at pom.ScholasticInternational_Home.<init>(ScholasticInternational_Home.java:21)
	at pom.ScholasticInternational_Home.<init>(ScholasticInternational_Home.java:21)
	at pom.ScholasticInternational_Home.<init>(ScholasticInternational_Home.java:21)
	at pom.ScholasticInternational_Home.<init>(ScholasticInternational_Home.java:21)
	at pom.ScholasticInternational_Home.<init>(ScholasticInternational_Home.java:21)
	at pom.ScholasticInternational_Home.<init>(ScholasticInternational_Home.java:21)
	at pom.ScholasticInternational_Home.<init>(ScholasticInternational_Home.java:21)
	at pom.ScholasticInternational_Home.<init>(ScholasticInternational_Home.java:21)
	at pom.ScholasticInternational_Home.<init>(ScholasticInternational_Home.java:21)
	at pom.ScholasticInternational_Home.<init>(ScholasticInternational_Home.java:21)
	at pom.ScholasticInternational_Home.<init>(ScholasticInternational_Home.java:21)
	at pom.ScholasticInternational_Home.<init>(ScholasticInternational_Home.java:21)
	at pom.ScholasticInternational_Home.<init>(ScholasticInternational_Home.java:21)
	at pom.ScholasticInternational_Home.<init>(ScholasticInternational_Home.java:21)
	at pom.ScholasticInternational_Home.<init>(ScholasticInternational_Home.java:21)
	at pom.ScholasticInternational_Home.<init>(ScholasticInternational_Home.java:21)
	at pom.ScholasticInternational_Home.<init>(ScholasticInternational_Home.java:21)
	at pom.ScholasticInternational_Home.<init>(ScholasticInternational_Home.java:21)
	at pom.ScholasticInternational_Home.<init>(ScholasticInternational_Home.java:21)
	at pom.ScholasticInternational_Home.<init>(ScholasticInternational_Home.java:21)
	at pom.ScholasticInternational_Home.<init>(ScholasticInternational_Home.java:21)
	at pom.ScholasticInternational_Home.<init>(ScholasticInternational_Home.java:21)
	at pom.ScholasticInternational_Home.<init>(ScholasticInternational_Home.java:21)
	at pom.ScholasticInternational_Home.<init>(ScholasticInternational_Home.java:21)
	at pom.ScholasticInternational_Home.<init>(ScholasticInternational_Home.java:21)
	at pom.ScholasticInternational_Home.<init>(ScholasticInternational_Home.java:21)
	at pom.ScholasticInternational_Home.<init>(ScholasticInternational_Home.java:21)
	at pom.ScholasticInternational_Home.<init>(ScholasticInternational_Home.java:21)
	at pom.ScholasticInternational_Home.<init>(ScholasticInternational_Home.java:21)
	at pom.ScholasticInternational_Home.<init>(ScholasticInternational_Home.java:21)
	at pom.ScholasticInternational_Home.<init>(ScholasticInternational_Home.java:21)
	at pom.ScholasticInternational_Home.<init>(ScholasticInternational_Home.java:21)
	at pom.ScholasticInternational_Home.<init>(ScholasticInternational_Home.java:21)
	at pom.ScholasticInternational_Home.<init>(ScholasticInternational_Home.java:21)
	at pom.ScholasticInternational_Home.<init>(ScholasticInternational_Home.java:21)
	at pom.ScholasticInternational_Home.<init>(ScholasticInternational_Home.java:21)
	at pom.ScholasticInternational_Home.<init>(ScholasticInternational_Home.java:21)
	at pom.ScholasticInternational_Home.<init>(ScholasticInternational_Home.java:21)
	at pom.ScholasticInternational_Home.<init>(ScholasticInternational_Home.java:21)
	at pom.ScholasticInternational_Home.<init>(ScholasticInternational_Home.java:21)
	at pom.ScholasticInternational_Home.<init>(ScholasticInternational_Home.java:21)
	at pom.ScholasticInternational_Home.<init>(ScholasticInternational_Home.java:21)
	at pom.ScholasticInternational_Home.<init>(ScholasticInternational_Home.java:21)
	at pom.ScholasticInternational_Home.<init>(ScholasticInternational_Home.java:21)
	at pom.ScholasticInternational_Home.<init>(ScholasticInternational_Home.java:21)
	at pom.ScholasticInternational_Home.<init>(ScholasticInternational_Home.java:21)
	at pom.ScholasticInternational_Home.<init>(ScholasticInternational_Home.java:21)
	at pom.ScholasticInternational_Home.<init>(ScholasticInternational_Home.java:21)
	at pom.ScholasticInternational_Home.<init>(ScholasticInternational_Home.java:21)
	at pom.ScholasticInternational_Home.<init>(ScholasticInternational_Home.java:21)
	at pom.ScholasticInternational_Home.<init>(ScholasticInternational_Home.java:21)
	at pom.ScholasticInternational_Home.<init>(ScholasticInternational_Home.java:21)
	at pom.ScholasticInternational_Home.<init>(ScholasticInternational_Home.java:21)
	at pom.ScholasticInternational_Home.<init>(ScholasticInternational_Home.java:21)
	at pom.ScholasticInternational_Home.<init>(ScholasticInternational_Home.java:21)
	at pom.ScholasticInternational_Home.<init>(ScholasticInternational_Home.java:21)
	at pom.ScholasticInternational_Home.<init>(ScholasticInternational_Home.java:21)
	at pom.ScholasticInternational_Home.<init>(ScholasticInternational_Home.java:21)
	at pom.ScholasticInternational_Home.<init>(ScholasticInternational_Home.java:21)
	at pom.ScholasticInternational_Home.<init>(ScholasticInternational_Home.java:21)
	at pom.ScholasticInternational_Home.<init>(ScholasticInternational_Home.java:21)
	at pom.ScholasticInternational_Home.<init>(ScholasticInternational_Home.java:21)
	at pom.ScholasticInternational_Home.<init>(ScholasticInternational_Home.java:21)
	at pom.ScholasticInternational_Home.<init>(ScholasticInternational_Home.java:21)
	at pom.ScholasticInternational_Home.<init>(ScholasticInternational_Home.java:21)
	at pom.ScholasticInternational_Home.<init>(ScholasticInternational_Home.java:21)
	at pom.ScholasticInternational_Home.<init>(ScholasticInternational_Home.java:21)
	at pom.ScholasticInternational_Home.<init>(ScholasticInternational_Home.java:21)
	at pom.ScholasticInternational_Home.<init>(ScholasticInternational_Home.java:21)
	at pom.ScholasticInternational_Home.<init>(ScholasticInternational_Home.java:21)
	at pom.ScholasticInternational_Home.<init>(ScholasticInternational_Home.java:21)
	at pom.ScholasticInternational_Home.<init>(ScholasticInternational_Home.java:21)
	at pom.ScholasticInternational_Home.<init>(ScholasticInternational_Home.java:21)
	at pom.ScholasticInternational_Home.<init>(ScholasticInternational_Home.java:21)
	at pom.ScholasticInternational_Home.<init>(ScholasticInternational_Home.java:21)
	at pom.ScholasticInternational_Home.<init>(ScholasticInternational_Home.java:21)
	at pom.ScholasticInternational_Home.<init>(ScholasticInternational_Home.java:21)
	at pom.ScholasticInternational_Home.<init>(ScholasticInternational_Home.java:21)
	at pom.ScholasticInternational_Home.<init>(ScholasticInternational_Home.java:21)
	at pom.ScholasticInternational_Home.<init>(ScholasticInternational_Home.java:21)
	at pom.ScholasticInternational_Home.<init>(ScholasticInternational_Home.java:21)
	at pom.ScholasticInternational_Home.<init>(ScholasticInternational_Home.java:21)
	at pom.ScholasticInternational_Home.<init>(ScholasticInternational_Home.java:21)
	at pom.ScholasticInternational_Home.<init>(ScholasticInternational_Home.java:21)
	at pom.ScholasticInternational_Home.<init>(ScholasticInternational_Home.java:21)
	at pom.ScholasticInternational_Home.<init>(ScholasticInternational_Home.java:21)
	at pom.ScholasticInternational_Home.<init>(ScholasticInternational_Home.java:21)
	at pom.ScholasticInternational_Home.<init>(ScholasticInternational_Home.java:21)
	at pom.ScholasticInternational_Home.<init>(ScholasticInternational_Home.java:21)
	at pom.ScholasticInternational_Home.<init>(ScholasticInternational_Home.java:21)
	at pom.ScholasticInternational_Home.<init>(ScholasticInternational_Home.java:21)
	at pom.ScholasticInternational_Home.<init>(ScholasticInternational_Home.java:21)
	at pom.ScholasticInternational_Home.<init>(ScholasticInternational_Home.java:21)
	at pom.ScholasticInternational_Home.<init>(ScholasticInternational_Home.java:21)
	at pom.ScholasticInternational_Home.<init>(ScholasticInternational_Home.java:21)
	at pom.ScholasticInternational_Home.<init>(ScholasticInternational_Home.java:21)
	at pom.ScholasticInternational_Home.<init>(ScholasticInternational_Home.java:21)
	at pom.ScholasticInternational_Home.<init>(ScholasticInternational_Home.java:21)
	at pom.ScholasticInternational_Home.<init>(ScholasticInternational_Home.java:21)
	at pom.ScholasticInternational_Home.<init>(ScholasticInternational_Home.java:21)
	at pom.ScholasticInternational_Home.<init>(ScholasticInternational_Home.java:21)
	at pom.ScholasticInternational_Home.<init>(ScholasticInternational_Home.java:21)
	at pom.ScholasticInternational_Home.<init>(ScholasticInternational_Home.java:21)
	at pom.ScholasticInternational_Home.<init>(ScholasticInternational_Home.java:21)
	at pom.ScholasticInternational_Home.<init>(ScholasticInternational_Home.java:21)
	at pom.ScholasticInternational_Home.<init>(ScholasticInternational_Home.java:21)
	at pom.ScholasticInternational_Home.<init>(ScholasticInternational_Home.java:21)
	at pom.ScholasticInternational_Home.<init>(ScholasticInternational_Home.java:21)
	at pom.ScholasticInternational_Home.<init>(ScholasticInternational_Home.java:21)
	at pom.ScholasticInternational_Home.<init>(ScholasticInternational_Home.java:21)
	at pom.ScholasticInternational_Home.<init>(ScholasticInternational_Home.java:21)
	at pom.ScholasticInternational_Home.<init>(ScholasticInternational_Home.java:21)
	at pom.ScholasticInternational_Home.<init>(ScholasticInternational_Home.java:21)
	at pom.ScholasticInternational_Home.<init>(ScholasticInternational_Home.java:21)
	at pom.ScholasticInternational_Home.<init>(ScholasticInternational_Home.java:21)
	at pom.ScholasticInternational_Home.<init>(ScholasticInternational_Home.java:21)
	at pom.ScholasticInternational_Home.<init>(ScholasticInternational_Home.java:21)
	at pom.ScholasticInternational_Home.<init>(ScholasticInternational_Home.java:21)
	at pom.ScholasticInternational_Home.<init>(ScholasticInternational_Home.java:21)
	at pom.ScholasticInternational_Home.<init>(ScholasticInternational_Home.java:21)
	at pom.ScholasticInternational_Home.<init>(ScholasticInternational_Home.java:21)
	at pom.ScholasticInternational_Home.<init>(ScholasticInternational_Home.java:21)
	at pom.ScholasticInternational_Home.<init>(ScholasticInternational_Home.java:21)
	at pom.ScholasticInternational_Home.<init>(ScholasticInternational_Home.java:21)
	at pom.ScholasticInternational_Home.<init>(ScholasticInternational_Home.java:21)
	at pom.ScholasticInternational_Home.<init>(ScholasticInternational_Home.java:21)
	at pom.ScholasticInternational_Home.<init>(ScholasticInternational_Home.java:21)
	at pom.ScholasticInternational_Home.<init>(ScholasticInternational_Home.java:21)
	at pom.ScholasticInternational_Home.<init>(ScholasticInternational_Home.java:21)
	at pom.ScholasticInternational_Home.<init>(ScholasticInternational_Home.java:21)
	at pom.ScholasticInternational_Home.<init>(ScholasticInternational_Home.java:21)
	at pom.ScholasticInternational_Home.<init>(ScholasticInternational_Home.java:21)
	at pom.ScholasticInternational_Home.<init>(ScholasticInternational_Home.java:21)
	at pom.ScholasticInternational_Home.<init>(ScholasticInternational_Home.java:21)
	at pom.ScholasticInternational_Home.<init>(ScholasticInternational_Home.java:21)
	at pom.ScholasticInternational_Home.<init>(ScholasticInternational_Home.java:21)
	at pom.ScholasticInternational_Home.<init>(ScholasticInternational_Home.java:21)
	at pom.ScholasticInternational_Home.<init>(ScholasticInternational_Home.java:21)
	at pom.ScholasticInternational_Home.<init>(ScholasticInternational_Home.java:21)
	at pom.ScholasticInternational_Home.<init>(ScholasticInternational_Home.java:21)
	at pom.ScholasticInternational_Home.<init>(ScholasticInternational_Home.java:21)
	at pom.ScholasticInternational_Home.<init>(ScholasticInternational_Home.java:21)
	at pom.ScholasticInternational_Home.<init>(ScholasticInternational_Home.java:21)
	at pom.ScholasticInternational_Home.<init>(ScholasticInternational_Home.java:21)
	at pom.ScholasticInternational_Home.<init>(ScholasticInternational_Home.java:21)
	at pom.ScholasticInternational_Home.<init>(ScholasticInternational_Home.java:21)
	at pom.ScholasticInternational_Home.<init>(ScholasticInternational_Home.java:21)
	at pom.ScholasticInternational_Home.<init>(ScholasticInternational_Home.java:21)
	at pom.ScholasticInternational_Home.<init>(ScholasticInternational_Home.java:21)
	at pom.ScholasticInternational_Home.<init>(ScholasticInternational_Home.java:21)
	at pom.ScholasticInternational_Home.<init>(ScholasticInternational_Home.java:21)
	at pom.ScholasticInternational_Home.<init>(ScholasticInternational_Home.java:21)
	at pom.ScholasticInternational_Home.<init>(ScholasticInternational_Home.java:21)
	at pom.ScholasticInternational_Home.<init>(ScholasticInternational_Home.java:21)
	at pom.ScholasticInternational_Home.<init>(ScholasticInternational_Home.java:21)
	at pom.ScholasticInternational_Home.<init>(ScholasticInternational_Home.java:21)
	at pom.ScholasticInternational_Home.<init>(ScholasticInternational_Home.java:21)
	at pom.ScholasticInternational_Home.<init>(ScholasticInternational_Home.java:21)
	at pom.ScholasticInternational_Home.<init>(ScholasticInternational_Home.java:21)
	at pom.ScholasticInternational_Home.<init>(ScholasticInternational_Home.java:21)
	at pom.ScholasticInternational_Home.<init>(ScholasticInternational_Home.java:21)
	at pom.ScholasticInternational_Home.<init>(ScholasticInternational_Home.java:21)
	at pom.ScholasticInternational_Home.<init>(ScholasticInternational_Home.java:21)
]]>
    </error>
  </testcase> <!-- signIn -->
</testsuite> <!-- scripts.SignIn -->
