<?xml version="1.0" encoding="UTF-8"?>
<!-- Generated by org.testng.reporters.JUnitReportReporter -->
<testsuite hostname="RLE0160" name="scripts.VerifyHamburgerMenu" tests="2" failures="0" timestamp="13 Feb 2017 11:51:06 GMT" time="0.078" errors="0">
  <testcase name="verifyHamMenu_HomeButton" time="0.074" classname="scripts.VerifyHamburgerMenu"/>
  <testcase name="verifyHamberger_Home" time="0.004" classname="scripts.VerifyHamburgerMenu"/>
</testsuite> <!-- scripts.VerifyHamburgerMenu -->
