<?xml version="1.0" encoding="UTF-8"?>
<!-- Generated by org.testng.reporters.JUnitReportReporter -->
<testsuite hostname="RLE0160" name="scripts.BaseTest" tests="1" failures="0" timestamp="31 Jan 2017 13:10:25 GMT" time="0.776" errors="1">
  <testcase name="verifySearchFunctionality" time="0.776" classname="scripts.BaseTest">
    <error type="java.lang.StackOverflowError">
      <![CDATA[java.lang.StackOverflowError
	at org.openqa.selenium.support.pagefactory.Annotations.isLookupCached(Annotations.java:45)
	at org.openqa.selenium.support.pagefactory.DefaultElementLocator.<init>(DefaultElementLocator.java:57)
	at org.openqa.selenium.support.pagefactory.DefaultElementLocator.<init>(DefaultElementLocator.java:46)
	at org.openqa.selenium.support.pagefactory.DefaultElementLocatorFactory.createLocator(DefaultElementLocatorFactory.java:32)
	at org.openqa.selenium.support.pagefactory.DefaultFieldDecorator.decorate(DefaultFieldDecorator.java:56)
	at org.openqa.selenium.support.PageFactory.proxyFields(PageFactory.java:113)
	at org.openqa.selenium.support.PageFactory.initElements(PageFactory.java:105)
	at org.openqa.selenium.support.PageFactory.initElements(PageFactory.java:92)
	at org.openqa.selenium.support.PageFactory.initElements(PageFactory.java:79)
	at pom.BasePage.<init>(BasePage.java:15)
	at pom.ScholasticInternational_Home.<init>(ScholasticInternational_Home.java:12)
	at pom.ScholasticInternational_Home.<init>(ScholasticInternational_Home.java:19)
	at pom.ScholasticInternational_Home.<init>(ScholasticInternational_Home.java:19)
	at pom.ScholasticInternational_Home.<init>(ScholasticInternational_Home.java:19)
	at pom.ScholasticInternational_Home.<init>(ScholasticInternational_Home.java:19)
	at pom.ScholasticInternational_Home.<init>(ScholasticInternational_Home.java:19)
	at pom.ScholasticInternational_Home.<init>(ScholasticInternational_Home.java:19)
	at pom.ScholasticInternational_Home.<init>(ScholasticInternational_Home.java:19)
	at pom.ScholasticInternational_Home.<init>(ScholasticInternational_Home.java:19)
	at pom.ScholasticInternational_Home.<init>(ScholasticInternational_Home.java:19)
	at pom.ScholasticInternational_Home.<init>(ScholasticInternational_Home.java:19)
	at pom.ScholasticInternational_Home.<init>(ScholasticInternational_Home.java:19)
	at pom.ScholasticInternational_Home.<init>(ScholasticInternational_Home.java:19)
	at pom.ScholasticInternational_Home.<init>(ScholasticInternational_Home.java:19)
	at pom.ScholasticInternational_Home.<init>(ScholasticInternational_Home.java:19)
	at pom.ScholasticInternational_Home.<init>(ScholasticInternational_Home.java:19)
	at pom.ScholasticInternational_Home.<init>(ScholasticInternational_Home.java:19)
	at pom.ScholasticInternational_Home.<init>(ScholasticInternational_Home.java:19)
	at pom.ScholasticInternational_Home.<init>(ScholasticInternational_Home.java:19)
	at pom.ScholasticInternational_Home.<init>(ScholasticInternational_Home.java:19)
	at pom.ScholasticInternational_Home.<init>(ScholasticInternational_Home.java:19)
	at pom.ScholasticInternational_Home.<init>(ScholasticInternational_Home.java:19)
	at pom.ScholasticInternational_Home.<init>(ScholasticInternational_Home.java:19)
	at pom.ScholasticInternational_Home.<init>(ScholasticInternational_Home.java:19)
	at pom.ScholasticInternational_Home.<init>(ScholasticInternational_Home.java:19)
	at pom.ScholasticInternational_Home.<init>(ScholasticInternational_Home.java:19)
	at pom.ScholasticInternational_Home.<init>(ScholasticInternational_Home.java:19)
	at pom.ScholasticInternational_Home.<init>(ScholasticInternational_Home.java:19)
	at pom.ScholasticInternational_Home.<init>(ScholasticInternational_Home.java:19)
	at pom.ScholasticInternational_Home.<init>(ScholasticInternational_Home.java:19)
	at pom.ScholasticInternational_Home.<init>(ScholasticInternational_Home.java:19)
	at pom.ScholasticInternational_Home.<init>(ScholasticInternational_Home.java:19)
	at pom.ScholasticInternational_Home.<init>(ScholasticInternational_Home.java:19)
	at pom.ScholasticInternational_Home.<init>(ScholasticInternational_Home.java:19)
	at pom.ScholasticInternational_Home.<init>(ScholasticInternational_Home.java:19)
	at pom.ScholasticInternational_Home.<init>(ScholasticInternational_Home.java:19)
	at pom.ScholasticInternational_Home.<init>(ScholasticInternational_Home.java:19)
	at pom.ScholasticInternational_Home.<init>(ScholasticInternational_Home.java:19)
	at pom.ScholasticInternational_Home.<init>(ScholasticInternational_Home.java:19)
	at pom.ScholasticInternational_Home.<init>(ScholasticInternational_Home.java:19)
	at pom.ScholasticInternational_Home.<init>(ScholasticInternational_Home.java:19)
	at pom.ScholasticInternational_Home.<init>(ScholasticInternational_Home.java:19)
	at pom.ScholasticInternational_Home.<init>(ScholasticInternational_Home.java:19)
	at pom.ScholasticInternational_Home.<init>(ScholasticInternational_Home.java:19)
	at pom.ScholasticInternational_Home.<init>(ScholasticInternational_Home.java:19)
	at pom.ScholasticInternational_Home.<init>(ScholasticInternational_Home.java:19)
	at pom.ScholasticInternational_Home.<init>(ScholasticInternational_Home.java:19)
	at pom.ScholasticInternational_Home.<init>(ScholasticInternational_Home.java:19)
	at pom.ScholasticInternational_Home.<init>(ScholasticInternational_Home.java:19)
	at pom.ScholasticInternational_Home.<init>(ScholasticInternational_Home.java:19)
	at pom.ScholasticInternational_Home.<init>(ScholasticInternational_Home.java:19)
	at pom.ScholasticInternational_Home.<init>(ScholasticInternational_Home.java:19)
	at pom.ScholasticInternational_Home.<init>(ScholasticInternational_Home.java:19)
	at pom.ScholasticInternational_Home.<init>(ScholasticInternational_Home.java:19)
	at pom.ScholasticInternational_Home.<init>(ScholasticInternational_Home.java:19)
	at pom.ScholasticInternational_Home.<init>(ScholasticInternational_Home.java:19)
	at pom.ScholasticInternational_Home.<init>(ScholasticInternational_Home.java:19)
	at pom.ScholasticInternational_Home.<init>(ScholasticInternational_Home.java:19)
	at pom.ScholasticInternational_Home.<init>(ScholasticInternational_Home.java:19)
	at pom.ScholasticInternational_Home.<init>(ScholasticInternational_Home.java:19)
	at pom.ScholasticInternational_Home.<init>(ScholasticInternational_Home.java:19)
	at pom.ScholasticInternational_Home.<init>(ScholasticInternational_Home.java:19)
	at pom.ScholasticInternational_Home.<init>(ScholasticInternational_Home.java:19)
	at pom.ScholasticInternational_Home.<init>(ScholasticInternational_Home.java:19)
	at pom.ScholasticInternational_Home.<init>(ScholasticInternational_Home.java:19)
	at pom.ScholasticInternational_Home.<init>(ScholasticInternational_Home.java:19)
	at pom.ScholasticInternational_Home.<init>(ScholasticInternational_Home.java:19)
	at pom.ScholasticInternational_Home.<init>(ScholasticInternational_Home.java:19)
	at pom.ScholasticInternational_Home.<init>(ScholasticInternational_Home.java:19)
	at pom.ScholasticInternational_Home.<init>(ScholasticInternational_Home.java:19)
	at pom.ScholasticInternational_Home.<init>(ScholasticInternational_Home.java:19)
	at pom.ScholasticInternational_Home.<init>(ScholasticInternational_Home.java:19)
	at pom.ScholasticInternational_Home.<init>(ScholasticInternational_Home.java:19)
	at pom.ScholasticInternational_Home.<init>(ScholasticInternational_Home.java:19)
	at pom.ScholasticInternational_Home.<init>(ScholasticInternational_Home.java:19)
	at pom.ScholasticInternational_Home.<init>(ScholasticInternational_Home.java:19)
	at pom.ScholasticInternational_Home.<init>(ScholasticInternational_Home.java:19)
	at pom.ScholasticInternational_Home.<init>(ScholasticInternational_Home.java:19)
	at pom.ScholasticInternational_Home.<init>(ScholasticInternational_Home.java:19)
	at pom.ScholasticInternational_Home.<init>(ScholasticInternational_Home.java:19)
	at pom.ScholasticInternational_Home.<init>(ScholasticInternational_Home.java:19)
	at pom.ScholasticInternational_Home.<init>(ScholasticInternational_Home.java:19)
	at pom.ScholasticInternational_Home.<init>(ScholasticInternational_Home.java:19)
	at pom.ScholasticInternational_Home.<init>(ScholasticInternational_Home.java:19)
	at pom.ScholasticInternational_Home.<init>(ScholasticInternational_Home.java:19)
	at pom.ScholasticInternational_Home.<init>(ScholasticInternational_Home.java:19)
	at pom.ScholasticInternational_Home.<init>(ScholasticInternational_Home.java:19)
	at pom.ScholasticInternational_Home.<init>(ScholasticInternational_Home.java:19)
	at pom.ScholasticInternational_Home.<init>(ScholasticInternational_Home.java:19)
	at pom.ScholasticInternational_Home.<init>(ScholasticInternational_Home.java:19)
	at pom.ScholasticInternational_Home.<init>(ScholasticInternational_Home.java:19)
	at pom.ScholasticInternational_Home.<init>(ScholasticInternational_Home.java:19)
	at pom.ScholasticInternational_Home.<init>(ScholasticInternational_Home.java:19)
	at pom.ScholasticInternational_Home.<init>(ScholasticInternational_Home.java:19)
	at pom.ScholasticInternational_Home.<init>(ScholasticInternational_Home.java:19)
	at pom.ScholasticInternational_Home.<init>(ScholasticInternational_Home.java:19)
	at pom.ScholasticInternational_Home.<init>(ScholasticInternational_Home.java:19)
	at pom.ScholasticInternational_Home.<init>(ScholasticInternational_Home.java:19)
	at pom.ScholasticInternational_Home.<init>(ScholasticInternational_Home.java:19)
	at pom.ScholasticInternational_Home.<init>(ScholasticInternational_Home.java:19)
	at pom.ScholasticInternational_Home.<init>(ScholasticInternational_Home.java:19)
	at pom.ScholasticInternational_Home.<init>(ScholasticInternational_Home.java:19)
	at pom.ScholasticInternational_Home.<init>(ScholasticInternational_Home.java:19)
	at pom.ScholasticInternational_Home.<init>(ScholasticInternational_Home.java:19)
	at pom.ScholasticInternational_Home.<init>(ScholasticInternational_Home.java:19)
	at pom.ScholasticInternational_Home.<init>(ScholasticInternational_Home.java:19)
	at pom.ScholasticInternational_Home.<init>(ScholasticInternational_Home.java:19)
	at pom.ScholasticInternational_Home.<init>(ScholasticInternational_Home.java:19)
	at pom.ScholasticInternational_Home.<init>(ScholasticInternational_Home.java:19)
	at pom.ScholasticInternational_Home.<init>(ScholasticInternational_Home.java:19)
	at pom.ScholasticInternational_Home.<init>(ScholasticInternational_Home.java:19)
	at pom.ScholasticInternational_Home.<init>(ScholasticInternational_Home.java:19)
	at pom.ScholasticInternational_Home.<init>(ScholasticInternational_Home.java:19)
	at pom.ScholasticInternational_Home.<init>(ScholasticInternational_Home.java:19)
	at pom.ScholasticInternational_Home.<init>(ScholasticInternational_Home.java:19)
	at pom.ScholasticInternational_Home.<init>(ScholasticInternational_Home.java:19)
	at pom.ScholasticInternational_Home.<init>(ScholasticInternational_Home.java:19)
	at pom.ScholasticInternational_Home.<init>(ScholasticInternational_Home.java:19)
	at pom.ScholasticInternational_Home.<init>(ScholasticInternational_Home.java:19)
	at pom.ScholasticInternational_Home.<init>(ScholasticInternational_Home.java:19)
	at pom.ScholasticInternational_Home.<init>(ScholasticInternational_Home.java:19)
	at pom.ScholasticInternational_Home.<init>(ScholasticInternational_Home.java:19)
	at pom.ScholasticInternational_Home.<init>(ScholasticInternational_Home.java:19)
	at pom.ScholasticInternational_Home.<init>(ScholasticInternational_Home.java:19)
	at pom.ScholasticInternational_Home.<init>(ScholasticInternational_Home.java:19)
	at pom.ScholasticInternational_Home.<init>(ScholasticInternational_Home.java:19)
	at pom.ScholasticInternational_Home.<init>(ScholasticInternational_Home.java:19)
	at pom.ScholasticInternational_Home.<init>(ScholasticInternational_Home.java:19)
	at pom.ScholasticInternational_Home.<init>(ScholasticInternational_Home.java:19)
	at pom.ScholasticInternational_Home.<init>(ScholasticInternational_Home.java:19)
	at pom.ScholasticInternational_Home.<init>(ScholasticInternational_Home.java:19)
	at pom.ScholasticInternational_Home.<init>(ScholasticInternational_Home.java:19)
	at pom.ScholasticInternational_Home.<init>(ScholasticInternational_Home.java:19)
	at pom.ScholasticInternational_Home.<init>(ScholasticInternational_Home.java:19)
	at pom.ScholasticInternational_Home.<init>(ScholasticInternational_Home.java:19)
	at pom.ScholasticInternational_Home.<init>(ScholasticInternational_Home.java:19)
	at pom.ScholasticInternational_Home.<init>(ScholasticInternational_Home.java:19)
	at pom.ScholasticInternational_Home.<init>(ScholasticInternational_Home.java:19)
	at pom.ScholasticInternational_Home.<init>(ScholasticInternational_Home.java:19)
	at pom.ScholasticInternational_Home.<init>(ScholasticInternational_Home.java:19)
	at pom.ScholasticInternational_Home.<init>(ScholasticInternational_Home.java:19)
	at pom.ScholasticInternational_Home.<init>(ScholasticInternational_Home.java:19)
	at pom.ScholasticInternational_Home.<init>(ScholasticInternational_Home.java:19)
	at pom.ScholasticInternational_Home.<init>(ScholasticInternational_Home.java:19)
	at pom.ScholasticInternational_Home.<init>(ScholasticInternational_Home.java:19)
	at pom.ScholasticInternational_Home.<init>(ScholasticInternational_Home.java:19)
	at pom.ScholasticInternational_Home.<init>(ScholasticInternational_Home.java:19)
	at pom.ScholasticInternational_Home.<init>(ScholasticInternational_Home.java:19)
	at pom.ScholasticInternational_Home.<init>(ScholasticInternational_Home.java:19)
	at pom.ScholasticInternational_Home.<init>(ScholasticInternational_Home.java:19)
	at pom.ScholasticInternational_Home.<init>(ScholasticInternational_Home.java:19)
	at pom.ScholasticInternational_Home.<init>(ScholasticInternational_Home.java:19)
	at pom.ScholasticInternational_Home.<init>(ScholasticInternational_Home.java:19)
	at pom.ScholasticInternational_Home.<init>(ScholasticInternational_Home.java:19)
	at pom.ScholasticInternational_Home.<init>(ScholasticInternational_Home.java:19)
	at pom.ScholasticInternational_Home.<init>(ScholasticInternational_Home.java:19)
	at pom.ScholasticInternational_Home.<init>(ScholasticInternational_Home.java:19)
	at pom.ScholasticInternational_Home.<init>(ScholasticInternational_Home.java:19)
	at pom.ScholasticInternational_Home.<init>(ScholasticInternational_Home.java:19)
	at pom.ScholasticInternational_Home.<init>(ScholasticInternational_Home.java:19)
	at pom.ScholasticInternational_Home.<init>(ScholasticInternational_Home.java:19)
	at pom.ScholasticInternational_Home.<init>(ScholasticInternational_Home.java:19)
	at pom.ScholasticInternational_Home.<init>(ScholasticInternational_Home.java:19)
	at pom.ScholasticInternational_Home.<init>(ScholasticInternational_Home.java:19)
	at pom.ScholasticInternational_Home.<init>(ScholasticInternational_Home.java:19)
	at pom.ScholasticInternational_Home.<init>(ScholasticInternational_Home.java:19)
	at pom.ScholasticInternational_Home.<init>(ScholasticInternational_Home.java:19)
	at pom.ScholasticInternational_Home.<init>(ScholasticInternational_Home.java:19)
	at pom.ScholasticInternational_Home.<init>(ScholasticInternational_Home.java:19)
	at pom.ScholasticInternational_Home.<init>(ScholasticInternational_Home.java:19)
	at pom.ScholasticInternational_Home.<init>(ScholasticInternational_Home.java:19)
	at pom.ScholasticInternational_Home.<init>(ScholasticInternational_Home.java:19)
	at pom.ScholasticInternational_Home.<init>(ScholasticInternational_Home.java:19)
	at pom.ScholasticInternational_Home.<init>(ScholasticInternational_Home.java:19)
	at pom.ScholasticInternational_Home.<init>(ScholasticInternational_Home.java:19)
	at pom.ScholasticInternational_Home.<init>(ScholasticInternational_Home.java:19)
	at pom.ScholasticInternational_Home.<init>(ScholasticInternational_Home.java:19)
	at pom.ScholasticInternational_Home.<init>(ScholasticInternational_Home.java:19)
	at pom.ScholasticInternational_Home.<init>(ScholasticInternational_Home.java:19)
	at pom.ScholasticInternational_Home.<init>(ScholasticInternational_Home.java:19)
	at pom.ScholasticInternational_Home.<init>(ScholasticInternational_Home.java:19)
	at pom.ScholasticInternational_Home.<init>(ScholasticInternational_Home.java:19)
	at pom.ScholasticInternational_Home.<init>(ScholasticInternational_Home.java:19)
	at pom.ScholasticInternational_Home.<init>(ScholasticInternational_Home.java:19)
	at pom.ScholasticInternational_Home.<init>(ScholasticInternational_Home.java:19)
	at pom.ScholasticInternational_Home.<init>(ScholasticInternational_Home.java:19)
	at pom.ScholasticInternational_Home.<init>(ScholasticInternational_Home.java:19)
	at pom.ScholasticInternational_Home.<init>(ScholasticInternational_Home.java:19)
	at pom.ScholasticInternational_Home.<init>(ScholasticInternational_Home.java:19)
	at pom.ScholasticInternational_Home.<init>(ScholasticInternational_Home.java:19)
	at pom.ScholasticInternational_Home.<init>(ScholasticInternational_Home.java:19)
	at pom.ScholasticInternational_Home.<init>(ScholasticInternational_Home.java:19)
	at pom.ScholasticInternational_Home.<init>(ScholasticInternational_Home.java:19)
	at pom.ScholasticInternational_Home.<init>(ScholasticInternational_Home.java:19)
	at pom.ScholasticInternational_Home.<init>(ScholasticInternational_Home.java:19)
	at pom.ScholasticInternational_Home.<init>(ScholasticInternational_Home.java:19)
	at pom.ScholasticInternational_Home.<init>(ScholasticInternational_Home.java:19)
	at pom.ScholasticInternational_Home.<init>(ScholasticInternational_Home.java:19)
	at pom.ScholasticInternational_Home.<init>(ScholasticInternational_Home.java:19)
	at pom.ScholasticInternational_Home.<init>(ScholasticInternational_Home.java:19)
	at pom.ScholasticInternational_Home.<init>(ScholasticInternational_Home.java:19)
	at pom.ScholasticInternational_Home.<init>(ScholasticInternational_Home.java:19)
	at pom.ScholasticInternational_Home.<init>(ScholasticInternational_Home.java:19)
	at pom.ScholasticInternational_Home.<init>(ScholasticInternational_Home.java:19)
	at pom.ScholasticInternational_Home.<init>(ScholasticInternational_Home.java:19)
	at pom.ScholasticInternational_Home.<init>(ScholasticInternational_Home.java:19)
	at pom.ScholasticInternational_Home.<init>(ScholasticInternational_Home.java:19)
	at pom.ScholasticInternational_Home.<init>(ScholasticInternational_Home.java:19)
	at pom.ScholasticInternational_Home.<init>(ScholasticInternational_Home.java:19)
	at pom.ScholasticInternational_Home.<init>(ScholasticInternational_Home.java:19)
	at pom.ScholasticInternational_Home.<init>(ScholasticInternational_Home.java:19)
	at pom.ScholasticInternational_Home.<init>(ScholasticInternational_Home.java:19)
	at pom.ScholasticInternational_Home.<init>(ScholasticInternational_Home.java:19)
	at pom.ScholasticInternational_Home.<init>(ScholasticInternational_Home.java:19)
	at pom.ScholasticInternational_Home.<init>(ScholasticInternational_Home.java:19)
	at pom.ScholasticInternational_Home.<init>(ScholasticInternational_Home.java:19)
	at pom.ScholasticInternational_Home.<init>(ScholasticInternational_Home.java:19)
	at pom.ScholasticInternational_Home.<init>(ScholasticInternational_Home.java:19)
	at pom.ScholasticInternational_Home.<init>(ScholasticInternational_Home.java:19)
	at pom.ScholasticInternational_Home.<init>(ScholasticInternational_Home.java:19)
	at pom.ScholasticInternational_Home.<init>(ScholasticInternational_Home.java:19)
	at pom.ScholasticInternational_Home.<init>(ScholasticInternational_Home.java:19)
	at pom.ScholasticInternational_Home.<init>(ScholasticInternational_Home.java:19)
	at pom.ScholasticInternational_Home.<init>(ScholasticInternational_Home.java:19)
	at pom.ScholasticInternational_Home.<init>(ScholasticInternational_Home.java:19)
	at pom.ScholasticInternational_Home.<init>(ScholasticInternational_Home.java:19)
	at pom.ScholasticInternational_Home.<init>(ScholasticInternational_Home.java:19)
	at pom.ScholasticInternational_Home.<init>(ScholasticInternational_Home.java:19)
	at pom.ScholasticInternational_Home.<init>(ScholasticInternational_Home.java:19)
	at pom.ScholasticInternational_Home.<init>(ScholasticInternational_Home.java:19)
	at pom.ScholasticInternational_Home.<init>(ScholasticInternational_Home.java:19)
	at pom.ScholasticInternational_Home.<init>(ScholasticInternational_Home.java:19)
	at pom.ScholasticInternational_Home.<init>(ScholasticInternational_Home.java:19)
	at pom.ScholasticInternational_Home.<init>(ScholasticInternational_Home.java:19)
	at pom.ScholasticInternational_Home.<init>(ScholasticInternational_Home.java:19)
	at pom.ScholasticInternational_Home.<init>(ScholasticInternational_Home.java:19)
	at pom.ScholasticInternational_Home.<init>(ScholasticInternational_Home.java:19)
	at pom.ScholasticInternational_Home.<init>(ScholasticInternational_Home.java:19)
	at pom.ScholasticInternational_Home.<init>(ScholasticInternational_Home.java:19)
	at pom.ScholasticInternational_Home.<init>(ScholasticInternational_Home.java:19)
	at pom.ScholasticInternational_Home.<init>(ScholasticInternational_Home.java:19)
	at pom.ScholasticInternational_Home.<init>(ScholasticInternational_Home.java:19)
	at pom.ScholasticInternational_Home.<init>(ScholasticInternational_Home.java:19)
	at pom.ScholasticInternational_Home.<init>(ScholasticInternational_Home.java:19)
	at pom.ScholasticInternational_Home.<init>(ScholasticInternational_Home.java:19)
	at pom.ScholasticInternational_Home.<init>(ScholasticInternational_Home.java:19)
	at pom.ScholasticInternational_Home.<init>(ScholasticInternational_Home.java:19)
	at pom.ScholasticInternational_Home.<init>(ScholasticInternational_Home.java:19)
	at pom.ScholasticInternational_Home.<init>(ScholasticInternational_Home.java:19)
	at pom.ScholasticInternational_Home.<init>(ScholasticInternational_Home.java:19)
	at pom.ScholasticInternational_Home.<init>(ScholasticInternational_Home.java:19)
	at pom.ScholasticInternational_Home.<init>(ScholasticInternational_Home.java:19)
	at pom.ScholasticInternational_Home.<init>(ScholasticInternational_Home.java:19)
	at pom.ScholasticInternational_Home.<init>(ScholasticInternational_Home.java:19)
	at pom.ScholasticInternational_Home.<init>(ScholasticInternational_Home.java:19)
	at pom.ScholasticInternational_Home.<init>(ScholasticInternational_Home.java:19)
	at pom.ScholasticInternational_Home.<init>(ScholasticInternational_Home.java:19)
	at pom.ScholasticInternational_Home.<init>(ScholasticInternational_Home.java:19)
	at pom.ScholasticInternational_Home.<init>(ScholasticInternational_Home.java:19)
	at pom.ScholasticInternational_Home.<init>(ScholasticInternational_Home.java:19)
	at pom.ScholasticInternational_Home.<init>(ScholasticInternational_Home.java:19)
	at pom.ScholasticInternational_Home.<init>(ScholasticInternational_Home.java:19)
	at pom.ScholasticInternational_Home.<init>(ScholasticInternational_Home.java:19)
	at pom.ScholasticInternational_Home.<init>(ScholasticInternational_Home.java:19)
	at pom.ScholasticInternational_Home.<init>(ScholasticInternational_Home.java:19)
	at pom.ScholasticInternational_Home.<init>(ScholasticInternational_Home.java:19)
	at pom.ScholasticInternational_Home.<init>(ScholasticInternational_Home.java:19)
	at pom.ScholasticInternational_Home.<init>(ScholasticInternational_Home.java:19)
	at pom.ScholasticInternational_Home.<init>(ScholasticInternational_Home.java:19)
	at pom.ScholasticInternational_Home.<init>(ScholasticInternational_Home.java:19)
	at pom.ScholasticInternational_Home.<init>(ScholasticInternational_Home.java:19)
	at pom.ScholasticInternational_Home.<init>(ScholasticInternational_Home.java:19)
	at pom.ScholasticInternational_Home.<init>(ScholasticInternational_Home.java:19)
	at pom.ScholasticInternational_Home.<init>(ScholasticInternational_Home.java:19)
	at pom.ScholasticInternational_Home.<init>(ScholasticInternational_Home.java:19)
	at pom.ScholasticInternational_Home.<init>(ScholasticInternational_Home.java:19)
	at pom.ScholasticInternational_Home.<init>(ScholasticInternational_Home.java:19)
	at pom.ScholasticInternational_Home.<init>(ScholasticInternational_Home.java:19)
	at pom.ScholasticInternational_Home.<init>(ScholasticInternational_Home.java:19)
	at pom.ScholasticInternational_Home.<init>(ScholasticInternational_Home.java:19)
	at pom.ScholasticInternational_Home.<init>(ScholasticInternational_Home.java:19)
	at pom.ScholasticInternational_Home.<init>(ScholasticInternational_Home.java:19)
	at pom.ScholasticInternational_Home.<init>(ScholasticInternational_Home.java:19)
	at pom.ScholasticInternational_Home.<init>(ScholasticInternational_Home.java:19)
	at pom.ScholasticInternational_Home.<init>(ScholasticInternational_Home.java:19)
	at pom.ScholasticInternational_Home.<init>(ScholasticInternational_Home.java:19)
	at pom.ScholasticInternational_Home.<init>(ScholasticInternational_Home.java:19)
	at pom.ScholasticInternational_Home.<init>(ScholasticInternational_Home.java:19)
	at pom.ScholasticInternational_Home.<init>(ScholasticInternational_Home.java:19)
	at pom.ScholasticInternational_Home.<init>(ScholasticInternational_Home.java:19)
	at pom.ScholasticInternational_Home.<init>(ScholasticInternational_Home.java:19)
	at pom.ScholasticInternational_Home.<init>(ScholasticInternational_Home.java:19)
	at pom.ScholasticInternational_Home.<init>(ScholasticInternational_Home.java:19)
	at pom.ScholasticInternational_Home.<init>(ScholasticInternational_Home.java:19)
	at pom.ScholasticInternational_Home.<init>(ScholasticInternational_Home.java:19)
	at pom.ScholasticInternational_Home.<init>(ScholasticInternational_Home.java:19)
	at pom.ScholasticInternational_Home.<init>(ScholasticInternational_Home.java:19)
	at pom.ScholasticInternational_Home.<init>(ScholasticInternational_Home.java:19)
	at pom.ScholasticInternational_Home.<init>(ScholasticInternational_Home.java:19)
	at pom.ScholasticInternational_Home.<init>(ScholasticInternational_Home.java:19)
	at pom.ScholasticInternational_Home.<init>(ScholasticInternational_Home.java:19)
	at pom.ScholasticInternational_Home.<init>(ScholasticInternational_Home.java:19)
	at pom.ScholasticInternational_Home.<init>(ScholasticInternational_Home.java:19)
	at pom.ScholasticInternational_Home.<init>(ScholasticInternational_Home.java:19)
	at pom.ScholasticInternational_Home.<init>(ScholasticInternational_Home.java:19)
	at pom.ScholasticInternational_Home.<init>(ScholasticInternational_Home.java:19)
	at pom.ScholasticInternational_Home.<init>(ScholasticInternational_Home.java:19)
	at pom.ScholasticInternational_Home.<init>(ScholasticInternational_Home.java:19)
	at pom.ScholasticInternational_Home.<init>(ScholasticInternational_Home.java:19)
	at pom.ScholasticInternational_Home.<init>(ScholasticInternational_Home.java:19)
	at pom.ScholasticInternational_Home.<init>(ScholasticInternational_Home.java:19)
	at pom.ScholasticInternational_Home.<init>(ScholasticInternational_Home.java:19)
	at pom.ScholasticInternational_Home.<init>(ScholasticInternational_Home.java:19)
	at pom.ScholasticInternational_Home.<init>(ScholasticInternational_Home.java:19)
	at pom.ScholasticInternational_Home.<init>(ScholasticInternational_Home.java:19)
	at pom.ScholasticInternational_Home.<init>(ScholasticInternational_Home.java:19)
	at pom.ScholasticInternational_Home.<init>(ScholasticInternational_Home.java:19)
	at pom.ScholasticInternational_Home.<init>(ScholasticInternational_Home.java:19)
	at pom.ScholasticInternational_Home.<init>(ScholasticInternational_Home.java:19)
	at pom.ScholasticInternational_Home.<init>(ScholasticInternational_Home.java:19)
	at pom.ScholasticInternational_Home.<init>(ScholasticInternational_Home.java:19)
	at pom.ScholasticInternational_Home.<init>(ScholasticInternational_Home.java:19)
	at pom.ScholasticInternational_Home.<init>(ScholasticInternational_Home.java:19)
	at pom.ScholasticInternational_Home.<init>(ScholasticInternational_Home.java:19)
	at pom.ScholasticInternational_Home.<init>(ScholasticInternational_Home.java:19)
	at pom.ScholasticInternational_Home.<init>(ScholasticInternational_Home.java:19)
	at pom.ScholasticInternational_Home.<init>(ScholasticInternational_Home.java:19)
	at pom.ScholasticInternational_Home.<init>(ScholasticInternational_Home.java:19)
	at pom.ScholasticInternational_Home.<init>(ScholasticInternational_Home.java:19)
	at pom.ScholasticInternational_Home.<init>(ScholasticInternational_Home.java:19)
	at pom.ScholasticInternational_Home.<init>(ScholasticInternational_Home.java:19)
	at pom.ScholasticInternational_Home.<init>(ScholasticInternational_Home.java:19)
	at pom.ScholasticInternational_Home.<init>(ScholasticInternational_Home.java:19)
	at pom.ScholasticInternational_Home.<init>(ScholasticInternational_Home.java:19)
	at pom.ScholasticInternational_Home.<init>(ScholasticInternational_Home.java:19)
	at pom.ScholasticInternational_Home.<init>(ScholasticInternational_Home.java:19)
	at pom.ScholasticInternational_Home.<init>(ScholasticInternational_Home.java:19)
	at pom.ScholasticInternational_Home.<init>(ScholasticInternational_Home.java:19)
	at pom.ScholasticInternational_Home.<init>(ScholasticInternational_Home.java:19)
	at pom.ScholasticInternational_Home.<init>(ScholasticInternational_Home.java:19)
	at pom.ScholasticInternational_Home.<init>(ScholasticInternational_Home.java:19)
	at pom.ScholasticInternational_Home.<init>(ScholasticInternational_Home.java:19)
	at pom.ScholasticInternational_Home.<init>(ScholasticInternational_Home.java:19)
	at pom.ScholasticInternational_Home.<init>(ScholasticInternational_Home.java:19)
	at pom.ScholasticInternational_Home.<init>(ScholasticInternational_Home.java:19)
	at pom.ScholasticInternational_Home.<init>(ScholasticInternational_Home.java:19)
	at pom.ScholasticInternational_Home.<init>(ScholasticInternational_Home.java:19)
	at pom.ScholasticInternational_Home.<init>(ScholasticInternational_Home.java:19)
	at pom.ScholasticInternational_Home.<init>(ScholasticInternational_Home.java:19)
	at pom.ScholasticInternational_Home.<init>(ScholasticInternational_Home.java:19)
	at pom.ScholasticInternational_Home.<init>(ScholasticInternational_Home.java:19)
	at pom.ScholasticInternational_Home.<init>(ScholasticInternational_Home.java:19)
	at pom.ScholasticInternational_Home.<init>(ScholasticInternational_Home.java:19)
	at pom.ScholasticInternational_Home.<init>(ScholasticInternational_Home.java:19)
	at pom.ScholasticInternational_Home.<init>(ScholasticInternational_Home.java:19)
	at pom.ScholasticInternational_Home.<init>(ScholasticInternational_Home.java:19)
	at pom.ScholasticInternational_Home.<init>(ScholasticInternational_Home.java:19)
	at pom.ScholasticInternational_Home.<init>(ScholasticInternational_Home.java:19)
	at pom.ScholasticInternational_Home.<init>(ScholasticInternational_Home.java:19)
	at pom.ScholasticInternational_Home.<init>(ScholasticInternational_Home.java:19)
	at pom.ScholasticInternational_Home.<init>(ScholasticInternational_Home.java:19)
	at pom.ScholasticInternational_Home.<init>(ScholasticInternational_Home.java:19)
	at pom.ScholasticInternational_Home.<init>(ScholasticInternational_Home.java:19)
	at pom.ScholasticInternational_Home.<init>(ScholasticInternational_Home.java:19)
	at pom.ScholasticInternational_Home.<init>(ScholasticInternational_Home.java:19)
	at pom.ScholasticInternational_Home.<init>(ScholasticInternational_Home.java:19)
	at pom.ScholasticInternational_Home.<init>(ScholasticInternational_Home.java:19)
	at pom.ScholasticInternational_Home.<init>(ScholasticInternational_Home.java:19)
	at pom.ScholasticInternational_Home.<init>(ScholasticInternational_Home.java:19)
	at pom.ScholasticInternational_Home.<init>(ScholasticInternational_Home.java:19)
	at pom.ScholasticInternational_Home.<init>(ScholasticInternational_Home.java:19)
	at pom.ScholasticInternational_Home.<init>(ScholasticInternational_Home.java:19)
	at pom.ScholasticInternational_Home.<init>(ScholasticInternational_Home.java:19)
	at pom.ScholasticInternational_Home.<init>(ScholasticInternational_Home.java:19)
	at pom.ScholasticInternational_Home.<init>(ScholasticInternational_Home.java:19)
	at pom.ScholasticInternational_Home.<init>(ScholasticInternational_Home.java:19)
	at pom.ScholasticInternational_Home.<init>(ScholasticInternational_Home.java:19)
	at pom.ScholasticInternational_Home.<init>(ScholasticInternational_Home.java:19)
	at pom.ScholasticInternational_Home.<init>(ScholasticInternational_Home.java:19)
	at pom.ScholasticInternational_Home.<init>(ScholasticInternational_Home.java:19)
	at pom.ScholasticInternational_Home.<init>(ScholasticInternational_Home.java:19)
	at pom.ScholasticInternational_Home.<init>(ScholasticInternational_Home.java:19)
	at pom.ScholasticInternational_Home.<init>(ScholasticInternational_Home.java:19)
	at pom.ScholasticInternational_Home.<init>(ScholasticInternational_Home.java:19)
	at pom.ScholasticInternational_Home.<init>(ScholasticInternational_Home.java:19)
	at pom.ScholasticInternational_Home.<init>(ScholasticInternational_Home.java:19)
	at pom.ScholasticInternational_Home.<init>(ScholasticInternational_Home.java:19)
	at pom.ScholasticInternational_Home.<init>(ScholasticInternational_Home.java:19)
	at pom.ScholasticInternational_Home.<init>(ScholasticInternational_Home.java:19)
	at pom.ScholasticInternational_Home.<init>(ScholasticInternational_Home.java:19)
	at pom.ScholasticInternational_Home.<init>(ScholasticInternational_Home.java:19)
	at pom.ScholasticInternational_Home.<init>(ScholasticInternational_Home.java:19)
	at pom.ScholasticInternational_Home.<init>(ScholasticInternational_Home.java:19)
	at pom.ScholasticInternational_Home.<init>(ScholasticInternational_Home.java:19)
	at pom.ScholasticInternational_Home.<init>(ScholasticInternational_Home.java:19)
	at pom.ScholasticInternational_Home.<init>(ScholasticInternational_Home.java:19)
	at pom.ScholasticInternational_Home.<init>(ScholasticInternational_Home.java:19)
	at pom.ScholasticInternational_Home.<init>(ScholasticInternational_Home.java:19)
	at pom.ScholasticInternational_Home.<init>(ScholasticInternational_Home.java:19)
	at pom.ScholasticInternational_Home.<init>(ScholasticInternational_Home.java:19)
	at pom.ScholasticInternational_Home.<init>(ScholasticInternational_Home.java:19)
	at pom.ScholasticInternational_Home.<init>(ScholasticInternational_Home.java:19)
	at pom.ScholasticInternational_Home.<init>(ScholasticInternational_Home.java:19)
	at pom.ScholasticInternational_Home.<init>(ScholasticInternational_Home.java:19)
	at pom.ScholasticInternational_Home.<init>(ScholasticInternational_Home.java:19)
	at pom.ScholasticInternational_Home.<init>(ScholasticInternational_Home.java:19)
	at pom.ScholasticInternational_Home.<init>(ScholasticInternational_Home.java:19)
	at pom.ScholasticInternational_Home.<init>(ScholasticInternational_Home.java:19)
	at pom.ScholasticInternational_Home.<init>(ScholasticInternational_Home.java:19)
	at pom.ScholasticInternational_Home.<init>(ScholasticInternational_Home.java:19)
	at pom.ScholasticInternational_Home.<init>(ScholasticInternational_Home.java:19)
	at pom.ScholasticInternational_Home.<init>(ScholasticInternational_Home.java:19)
	at pom.ScholasticInternational_Home.<init>(ScholasticInternational_Home.java:19)
	at pom.ScholasticInternational_Home.<init>(ScholasticInternational_Home.java:19)
	at pom.ScholasticInternational_Home.<init>(ScholasticInternational_Home.java:19)
	at pom.ScholasticInternational_Home.<init>(ScholasticInternational_Home.java:19)
	at pom.ScholasticInternational_Home.<init>(ScholasticInternational_Home.java:19)
	at pom.ScholasticInternational_Home.<init>(ScholasticInternational_Home.java:19)
	at pom.ScholasticInternational_Home.<init>(ScholasticInternational_Home.java:19)
	at pom.ScholasticInternational_Home.<init>(ScholasticInternational_Home.java:19)
	at pom.ScholasticInternational_Home.<init>(ScholasticInternational_Home.java:19)
	at pom.ScholasticInternational_Home.<init>(ScholasticInternational_Home.java:19)
	at pom.ScholasticInternational_Home.<init>(ScholasticInternational_Home.java:19)
	at pom.ScholasticInternational_Home.<init>(ScholasticInternational_Home.java:19)
	at pom.ScholasticInternational_Home.<init>(ScholasticInternational_Home.java:19)
	at pom.ScholasticInternational_Home.<init>(ScholasticInternational_Home.java:19)
	at pom.ScholasticInternational_Home.<init>(ScholasticInternational_Home.java:19)
	at pom.ScholasticInternational_Home.<init>(ScholasticInternational_Home.java:19)
	at pom.ScholasticInternational_Home.<init>(ScholasticInternational_Home.java:19)
	at pom.ScholasticInternational_Home.<init>(ScholasticInternational_Home.java:19)
	at pom.ScholasticInternational_Home.<init>(ScholasticInternational_Home.java:19)
	at pom.ScholasticInternational_Home.<init>(ScholasticInternational_Home.java:19)
	at pom.ScholasticInternational_Home.<init>(ScholasticInternational_Home.java:19)
	at pom.ScholasticInternational_Home.<init>(ScholasticInternational_Home.java:19)
	at pom.ScholasticInternational_Home.<init>(ScholasticInternational_Home.java:19)
	at pom.ScholasticInternational_Home.<init>(ScholasticInternational_Home.java:19)
	at pom.ScholasticInternational_Home.<init>(ScholasticInternational_Home.java:19)
	at pom.ScholasticInternational_Home.<init>(ScholasticInternational_Home.java:19)
	at pom.ScholasticInternational_Home.<init>(ScholasticInternational_Home.java:19)
	at pom.ScholasticInternational_Home.<init>(ScholasticInternational_Home.java:19)
	at pom.ScholasticInternational_Home.<init>(ScholasticInternational_Home.java:19)
	at pom.ScholasticInternational_Home.<init>(ScholasticInternational_Home.java:19)
	at pom.ScholasticInternational_Home.<init>(ScholasticInternational_Home.java:19)
	at pom.ScholasticInternational_Home.<init>(ScholasticInternational_Home.java:19)
	at pom.ScholasticInternational_Home.<init>(ScholasticInternational_Home.java:19)
	at pom.ScholasticInternational_Home.<init>(ScholasticInternational_Home.java:19)
	at pom.ScholasticInternational_Home.<init>(ScholasticInternational_Home.java:19)
	at pom.ScholasticInternational_Home.<init>(ScholasticInternational_Home.java:19)
	at pom.ScholasticInternational_Home.<init>(ScholasticInternational_Home.java:19)
	at pom.ScholasticInternational_Home.<init>(ScholasticInternational_Home.java:19)
	at pom.ScholasticInternational_Home.<init>(ScholasticInternational_Home.java:19)
	at pom.ScholasticInternational_Home.<init>(ScholasticInternational_Home.java:19)
	at pom.ScholasticInternational_Home.<init>(ScholasticInternational_Home.java:19)
	at pom.ScholasticInternational_Home.<init>(ScholasticInternational_Home.java:19)
	at pom.ScholasticInternational_Home.<init>(ScholasticInternational_Home.java:19)
	at pom.ScholasticInternational_Home.<init>(ScholasticInternational_Home.java:19)
	at pom.ScholasticInternational_Home.<init>(ScholasticInternational_Home.java:19)
	at pom.ScholasticInternational_Home.<init>(ScholasticInternational_Home.java:19)
	at pom.ScholasticInternational_Home.<init>(ScholasticInternational_Home.java:19)
	at pom.ScholasticInternational_Home.<init>(ScholasticInternational_Home.java:19)
	at pom.ScholasticInternational_Home.<init>(ScholasticInternational_Home.java:19)
	at pom.ScholasticInternational_Home.<init>(ScholasticInternational_Home.java:19)
	at pom.ScholasticInternational_Home.<init>(ScholasticInternational_Home.java:19)
	at pom.ScholasticInternational_Home.<init>(ScholasticInternational_Home.java:19)
	at pom.ScholasticInternational_Home.<init>(ScholasticInternational_Home.java:19)
	at pom.ScholasticInternational_Home.<init>(ScholasticInternational_Home.java:19)
	at pom.ScholasticInternational_Home.<init>(ScholasticInternational_Home.java:19)
	at pom.ScholasticInternational_Home.<init>(ScholasticInternational_Home.java:19)
	at pom.ScholasticInternational_Home.<init>(ScholasticInternational_Home.java:19)
	at pom.ScholasticInternational_Home.<init>(ScholasticInternational_Home.java:19)
	at pom.ScholasticInternational_Home.<init>(ScholasticInternational_Home.java:19)
	at pom.ScholasticInternational_Home.<init>(ScholasticInternational_Home.java:19)
	at pom.ScholasticInternational_Home.<init>(ScholasticInternational_Home.java:19)
	at pom.ScholasticInternational_Home.<init>(ScholasticInternational_Home.java:19)
	at pom.ScholasticInternational_Home.<init>(ScholasticInternational_Home.java:19)
	at pom.ScholasticInternational_Home.<init>(ScholasticInternational_Home.java:19)
	at pom.ScholasticInternational_Home.<init>(ScholasticInternational_Home.java:19)
	at pom.ScholasticInternational_Home.<init>(ScholasticInternational_Home.java:19)
	at pom.ScholasticInternational_Home.<init>(ScholasticInternational_Home.java:19)
	at pom.ScholasticInternational_Home.<init>(ScholasticInternational_Home.java:19)
	at pom.ScholasticInternational_Home.<init>(ScholasticInternational_Home.java:19)
	at pom.ScholasticInternational_Home.<init>(ScholasticInternational_Home.java:19)
	at pom.ScholasticInternational_Home.<init>(ScholasticInternational_Home.java:19)
	at pom.ScholasticInternational_Home.<init>(ScholasticInternational_Home.java:19)
	at pom.ScholasticInternational_Home.<init>(ScholasticInternational_Home.java:19)
	at pom.ScholasticInternational_Home.<init>(ScholasticInternational_Home.java:19)
	at pom.ScholasticInternational_Home.<init>(ScholasticInternational_Home.java:19)
	at pom.ScholasticInternational_Home.<init>(ScholasticInternational_Home.java:19)
	at pom.ScholasticInternational_Home.<init>(ScholasticInternational_Home.java:19)
	at pom.ScholasticInternational_Home.<init>(ScholasticInternational_Home.java:19)
	at pom.ScholasticInternational_Home.<init>(ScholasticInternational_Home.java:19)
	at pom.ScholasticInternational_Home.<init>(ScholasticInternational_Home.java:19)
	at pom.ScholasticInternational_Home.<init>(ScholasticInternational_Home.java:19)
	at pom.ScholasticInternational_Home.<init>(ScholasticInternational_Home.java:19)
	at pom.ScholasticInternational_Home.<init>(ScholasticInternational_Home.java:19)
	at pom.ScholasticInternational_Home.<init>(ScholasticInternational_Home.java:19)
	at pom.ScholasticInternational_Home.<init>(ScholasticInternational_Home.java:19)
	at pom.ScholasticInternational_Home.<init>(ScholasticInternational_Home.java:19)
	at pom.ScholasticInternational_Home.<init>(ScholasticInternational_Home.java:19)
	at pom.ScholasticInternational_Home.<init>(ScholasticInternational_Home.java:19)
	at pom.ScholasticInternational_Home.<init>(ScholasticInternational_Home.java:19)
	at pom.ScholasticInternational_Home.<init>(ScholasticInternational_Home.java:19)
	at pom.ScholasticInternational_Home.<init>(ScholasticInternational_Home.java:19)
	at pom.ScholasticInternational_Home.<init>(ScholasticInternational_Home.java:19)
	at pom.ScholasticInternational_Home.<init>(ScholasticInternational_Home.java:19)
	at pom.ScholasticInternational_Home.<init>(ScholasticInternational_Home.java:19)
	at pom.ScholasticInternational_Home.<init>(ScholasticInternational_Home.java:19)
	at pom.ScholasticInternational_Home.<init>(ScholasticInternational_Home.java:19)
	at pom.ScholasticInternational_Home.<init>(ScholasticInternational_Home.java:19)
	at pom.ScholasticInternational_Home.<init>(ScholasticInternational_Home.java:19)
	at pom.ScholasticInternational_Home.<init>(ScholasticInternational_Home.java:19)
	at pom.ScholasticInternational_Home.<init>(ScholasticInternational_Home.java:19)
	at pom.ScholasticInternational_Home.<init>(ScholasticInternational_Home.java:19)
	at pom.ScholasticInternational_Home.<init>(ScholasticInternational_Home.java:19)
	at pom.ScholasticInternational_Home.<init>(ScholasticInternational_Home.java:19)
	at pom.ScholasticInternational_Home.<init>(ScholasticInternational_Home.java:19)
	at pom.ScholasticInternational_Home.<init>(ScholasticInternational_Home.java:19)
	at pom.ScholasticInternational_Home.<init>(ScholasticInternational_Home.java:19)
	at pom.ScholasticInternational_Home.<init>(ScholasticInternational_Home.java:19)
	at pom.ScholasticInternational_Home.<init>(ScholasticInternational_Home.java:19)
	at pom.ScholasticInternational_Home.<init>(ScholasticInternational_Home.java:19)
	at pom.ScholasticInternational_Home.<init>(ScholasticInternational_Home.java:19)
	at pom.ScholasticInternational_Home.<init>(ScholasticInternational_Home.java:19)
	at pom.ScholasticInternational_Home.<init>(ScholasticInternational_Home.java:19)
	at pom.ScholasticInternational_Home.<init>(ScholasticInternational_Home.java:19)
	at pom.ScholasticInternational_Home.<init>(ScholasticInternational_Home.java:19)
	at pom.ScholasticInternational_Home.<init>(ScholasticInternational_Home.java:19)
	at pom.ScholasticInternational_Home.<init>(ScholasticInternational_Home.java:19)
	at pom.ScholasticInternational_Home.<init>(ScholasticInternational_Home.java:19)
	at pom.ScholasticInternational_Home.<init>(ScholasticInternational_Home.java:19)
	at pom.ScholasticInternational_Home.<init>(ScholasticInternational_Home.java:19)
	at pom.ScholasticInternational_Home.<init>(ScholasticInternational_Home.java:19)
	at pom.ScholasticInternational_Home.<init>(ScholasticInternational_Home.java:19)
	at pom.ScholasticInternational_Home.<init>(ScholasticInternational_Home.java:19)
	at pom.ScholasticInternational_Home.<init>(ScholasticInternational_Home.java:19)
	at pom.ScholasticInternational_Home.<init>(ScholasticInternational_Home.java:19)
	at pom.ScholasticInternational_Home.<init>(ScholasticInternational_Home.java:19)
	at pom.ScholasticInternational_Home.<init>(ScholasticInternational_Home.java:19)
	at pom.ScholasticInternational_Home.<init>(ScholasticInternational_Home.java:19)
	at pom.ScholasticInternational_Home.<init>(ScholasticInternational_Home.java:19)
	at pom.ScholasticInternational_Home.<init>(ScholasticInternational_Home.java:19)
	at pom.ScholasticInternational_Home.<init>(ScholasticInternational_Home.java:19)
	at pom.ScholasticInternational_Home.<init>(ScholasticInternational_Home.java:19)
	at pom.ScholasticInternational_Home.<init>(ScholasticInternational_Home.java:19)
	at pom.ScholasticInternational_Home.<init>(ScholasticInternational_Home.java:19)
	at pom.ScholasticInternational_Home.<init>(ScholasticInternational_Home.java:19)
	at pom.ScholasticInternational_Home.<init>(ScholasticInternational_Home.java:19)
	at pom.ScholasticInternational_Home.<init>(ScholasticInternational_Home.java:19)
	at pom.ScholasticInternational_Home.<init>(ScholasticInternational_Home.java:19)
	at pom.ScholasticInternational_Home.<init>(ScholasticInternational_Home.java:19)
	at pom.ScholasticInternational_Home.<init>(ScholasticInternational_Home.java:19)
	at pom.ScholasticInternational_Home.<init>(ScholasticInternational_Home.java:19)
	at pom.ScholasticInternational_Home.<init>(ScholasticInternational_Home.java:19)
	at pom.ScholasticInternational_Home.<init>(ScholasticInternational_Home.java:19)
	at pom.ScholasticInternational_Home.<init>(ScholasticInternational_Home.java:19)
	at pom.ScholasticInternational_Home.<init>(ScholasticInternational_Home.java:19)
	at pom.ScholasticInternational_Home.<init>(ScholasticInternational_Home.java:19)
	at pom.ScholasticInternational_Home.<init>(ScholasticInternational_Home.java:19)
	at pom.ScholasticInternational_Home.<init>(ScholasticInternational_Home.java:19)
	at pom.ScholasticInternational_Home.<init>(ScholasticInternational_Home.java:19)
	at pom.ScholasticInternational_Home.<init>(ScholasticInternational_Home.java:19)
	at pom.ScholasticInternational_Home.<init>(ScholasticInternational_Home.java:19)
	at pom.ScholasticInternational_Home.<init>(ScholasticInternational_Home.java:19)
	at pom.ScholasticInternational_Home.<init>(ScholasticInternational_Home.java:19)
	at pom.ScholasticInternational_Home.<init>(ScholasticInternational_Home.java:19)
	at pom.ScholasticInternational_Home.<init>(ScholasticInternational_Home.java:19)
	at pom.ScholasticInternational_Home.<init>(ScholasticInternational_Home.java:19)
	at pom.ScholasticInternational_Home.<init>(ScholasticInternational_Home.java:19)
	at pom.ScholasticInternational_Home.<init>(ScholasticInternational_Home.java:19)
	at pom.ScholasticInternational_Home.<init>(ScholasticInternational_Home.java:19)
	at pom.ScholasticInternational_Home.<init>(ScholasticInternational_Home.java:19)
	at pom.ScholasticInternational_Home.<init>(ScholasticInternational_Home.java:19)
	at pom.ScholasticInternational_Home.<init>(ScholasticInternational_Home.java:19)
	at pom.ScholasticInternational_Home.<init>(ScholasticInternational_Home.java:19)
	at pom.ScholasticInternational_Home.<init>(ScholasticInternational_Home.java:19)
	at pom.ScholasticInternational_Home.<init>(ScholasticInternational_Home.java:19)
	at pom.ScholasticInternational_Home.<init>(ScholasticInternational_Home.java:19)
	at pom.ScholasticInternational_Home.<init>(ScholasticInternational_Home.java:19)
	at pom.ScholasticInternational_Home.<init>(ScholasticInternational_Home.java:19)
	at pom.ScholasticInternational_Home.<init>(ScholasticInternational_Home.java:19)
	at pom.ScholasticInternational_Home.<init>(ScholasticInternational_Home.java:19)
	at pom.ScholasticInternational_Home.<init>(ScholasticInternational_Home.java:19)
	at pom.ScholasticInternational_Home.<init>(ScholasticInternational_Home.java:19)
	at pom.ScholasticInternational_Home.<init>(ScholasticInternational_Home.java:19)
	at pom.ScholasticInternational_Home.<init>(ScholasticInternational_Home.java:19)
	at pom.ScholasticInternational_Home.<init>(ScholasticInternational_Home.java:19)
	at pom.ScholasticInternational_Home.<init>(ScholasticInternational_Home.java:19)
	at pom.ScholasticInternational_Home.<init>(ScholasticInternational_Home.java:19)
	at pom.ScholasticInternational_Home.<init>(ScholasticInternational_Home.java:19)
	at pom.ScholasticInternational_Home.<init>(ScholasticInternational_Home.java:19)
	at pom.ScholasticInternational_Home.<init>(ScholasticInternational_Home.java:19)
	at pom.ScholasticInternational_Home.<init>(ScholasticInternational_Home.java:19)
	at pom.ScholasticInternational_Home.<init>(ScholasticInternational_Home.java:19)
	at pom.ScholasticInternational_Home.<init>(ScholasticInternational_Home.java:19)
	at pom.ScholasticInternational_Home.<init>(ScholasticInternational_Home.java:19)
	at pom.ScholasticInternational_Home.<init>(ScholasticInternational_Home.java:19)
	at pom.ScholasticInternational_Home.<init>(ScholasticInternational_Home.java:19)
	at pom.ScholasticInternational_Home.<init>(ScholasticInternational_Home.java:19)
	at pom.ScholasticInternational_Home.<init>(ScholasticInternational_Home.java:19)
	at pom.ScholasticInternational_Home.<init>(ScholasticInternational_Home.java:19)
	at pom.ScholasticInternational_Home.<init>(ScholasticInternational_Home.java:19)
	at pom.ScholasticInternational_Home.<init>(ScholasticInternational_Home.java:19)
	at pom.ScholasticInternational_Home.<init>(ScholasticInternational_Home.java:19)
	at pom.ScholasticInternational_Home.<init>(ScholasticInternational_Home.java:19)
	at pom.ScholasticInternational_Home.<init>(ScholasticInternational_Home.java:19)
	at pom.ScholasticInternational_Home.<init>(ScholasticInternational_Home.java:19)
	at pom.ScholasticInternational_Home.<init>(ScholasticInternational_Home.java:19)
	at pom.ScholasticInternational_Home.<init>(ScholasticInternational_Home.java:19)
	at pom.ScholasticInternational_Home.<init>(ScholasticInternational_Home.java:19)
	at pom.ScholasticInternational_Home.<init>(ScholasticInternational_Home.java:19)
	at pom.ScholasticInternational_Home.<init>(ScholasticInternational_Home.java:19)
	at pom.ScholasticInternational_Home.<init>(ScholasticInternational_Home.java:19)
	at pom.ScholasticInternational_Home.<init>(ScholasticInternational_Home.java:19)
	at pom.ScholasticInternational_Home.<init>(ScholasticInternational_Home.java:19)
	at pom.ScholasticInternational_Home.<init>(ScholasticInternational_Home.java:19)
	at pom.ScholasticInternational_Home.<init>(ScholasticInternational_Home.java:19)
	at pom.ScholasticInternational_Home.<init>(ScholasticInternational_Home.java:19)
	at pom.ScholasticInternational_Home.<init>(ScholasticInternational_Home.java:19)
	at pom.ScholasticInternational_Home.<init>(ScholasticInternational_Home.java:19)
	at pom.ScholasticInternational_Home.<init>(ScholasticInternational_Home.java:19)
	at pom.ScholasticInternational_Home.<init>(ScholasticInternational_Home.java:19)
	at pom.ScholasticInternational_Home.<init>(ScholasticInternational_Home.java:19)
	at pom.ScholasticInternational_Home.<init>(ScholasticInternational_Home.java:19)
	at pom.ScholasticInternational_Home.<init>(ScholasticInternational_Home.java:19)
	at pom.ScholasticInternational_Home.<init>(ScholasticInternational_Home.java:19)
	at pom.ScholasticInternational_Home.<init>(ScholasticInternational_Home.java:19)
	at pom.ScholasticInternational_Home.<init>(ScholasticInternational_Home.java:19)
	at pom.ScholasticInternational_Home.<init>(ScholasticInternational_Home.java:19)
	at pom.ScholasticInternational_Home.<init>(ScholasticInternational_Home.java:19)
	at pom.ScholasticInternational_Home.<init>(ScholasticInternational_Home.java:19)
	at pom.ScholasticInternational_Home.<init>(ScholasticInternational_Home.java:19)
	at pom.ScholasticInternational_Home.<init>(ScholasticInternational_Home.java:19)
	at pom.ScholasticInternational_Home.<init>(ScholasticInternational_Home.java:19)
	at pom.ScholasticInternational_Home.<init>(ScholasticInternational_Home.java:19)
	at pom.ScholasticInternational_Home.<init>(ScholasticInternational_Home.java:19)
	at pom.ScholasticInternational_Home.<init>(ScholasticInternational_Home.java:19)
	at pom.ScholasticInternational_Home.<init>(ScholasticInternational_Home.java:19)
	at pom.ScholasticInternational_Home.<init>(ScholasticInternational_Home.java:19)
	at pom.ScholasticInternational_Home.<init>(ScholasticInternational_Home.java:19)
	at pom.ScholasticInternational_Home.<init>(ScholasticInternational_Home.java:19)
	at pom.ScholasticInternational_Home.<init>(ScholasticInternational_Home.java:19)
	at pom.ScholasticInternational_Home.<init>(ScholasticInternational_Home.java:19)
	at pom.ScholasticInternational_Home.<init>(ScholasticInternational_Home.java:19)
	at pom.ScholasticInternational_Home.<init>(ScholasticInternational_Home.java:19)
	at pom.ScholasticInternational_Home.<init>(ScholasticInternational_Home.java:19)
	at pom.ScholasticInternational_Home.<init>(ScholasticInternational_Home.java:19)
	at pom.ScholasticInternational_Home.<init>(ScholasticInternational_Home.java:19)
	at pom.ScholasticInternational_Home.<init>(ScholasticInternational_Home.java:19)
	at pom.ScholasticInternational_Home.<init>(ScholasticInternational_Home.java:19)
	at pom.ScholasticInternational_Home.<init>(ScholasticInternational_Home.java:19)
	at pom.ScholasticInternational_Home.<init>(ScholasticInternational_Home.java:19)
	at pom.ScholasticInternational_Home.<init>(ScholasticInternational_Home.java:19)
	at pom.ScholasticInternational_Home.<init>(ScholasticInternational_Home.java:19)
	at pom.ScholasticInternational_Home.<init>(ScholasticInternational_Home.java:19)
	at pom.ScholasticInternational_Home.<init>(ScholasticInternational_Home.java:19)
	at pom.ScholasticInternational_Home.<init>(ScholasticInternational_Home.java:19)
	at pom.ScholasticInternational_Home.<init>(ScholasticInternational_Home.java:19)
	at pom.ScholasticInternational_Home.<init>(ScholasticInternational_Home.java:19)
	at pom.ScholasticInternational_Home.<init>(ScholasticInternational_Home.java:19)
	at pom.ScholasticInternational_Home.<init>(ScholasticInternational_Home.java:19)
	at pom.ScholasticInternational_Home.<init>(ScholasticInternational_Home.java:19)
	at pom.ScholasticInternational_Home.<init>(ScholasticInternational_Home.java:19)
	at pom.ScholasticInternational_Home.<init>(ScholasticInternational_Home.java:19)
	at pom.ScholasticInternational_Home.<init>(ScholasticInternational_Home.java:19)
	at pom.ScholasticInternational_Home.<init>(ScholasticInternational_Home.java:19)
	at pom.ScholasticInternational_Home.<init>(ScholasticInternational_Home.java:19)
	at pom.ScholasticInternational_Home.<init>(ScholasticInternational_Home.java:19)
	at pom.ScholasticInternational_Home.<init>(ScholasticInternational_Home.java:19)
	at pom.ScholasticInternational_Home.<init>(ScholasticInternational_Home.java:19)
	at pom.ScholasticInternational_Home.<init>(ScholasticInternational_Home.java:19)
	at pom.ScholasticInternational_Home.<init>(ScholasticInternational_Home.java:19)
	at pom.ScholasticInternational_Home.<init>(ScholasticInternational_Home.java:19)
	at pom.ScholasticInternational_Home.<init>(ScholasticInternational_Home.java:19)
	at pom.ScholasticInternational_Home.<init>(ScholasticInternational_Home.java:19)
	at pom.ScholasticInternational_Home.<init>(ScholasticInternational_Home.java:19)
	at pom.ScholasticInternational_Home.<init>(ScholasticInternational_Home.java:19)
	at pom.ScholasticInternational_Home.<init>(ScholasticInternational_Home.java:19)
	at pom.ScholasticInternational_Home.<init>(ScholasticInternational_Home.java:19)
	at pom.ScholasticInternational_Home.<init>(ScholasticInternational_Home.java:19)
	at pom.ScholasticInternational_Home.<init>(ScholasticInternational_Home.java:19)
	at pom.ScholasticInternational_Home.<init>(ScholasticInternational_Home.java:19)
	at pom.ScholasticInternational_Home.<init>(ScholasticInternational_Home.java:19)
	at pom.ScholasticInternational_Home.<init>(ScholasticInternational_Home.java:19)
	at pom.ScholasticInternational_Home.<init>(ScholasticInternational_Home.java:19)
	at pom.ScholasticInternational_Home.<init>(ScholasticInternational_Home.java:19)
	at pom.ScholasticInternational_Home.<init>(ScholasticInternational_Home.java:19)
	at pom.ScholasticInternational_Home.<init>(ScholasticInternational_Home.java:19)
	at pom.ScholasticInternational_Home.<init>(ScholasticInternational_Home.java:19)
	at pom.ScholasticInternational_Home.<init>(ScholasticInternational_Home.java:19)
	at pom.ScholasticInternational_Home.<init>(ScholasticInternational_Home.java:19)
	at pom.ScholasticInternational_Home.<init>(ScholasticInternational_Home.java:19)
	at pom.ScholasticInternational_Home.<init>(ScholasticInternational_Home.java:19)
	at pom.ScholasticInternational_Home.<init>(ScholasticInternational_Home.java:19)
	at pom.ScholasticInternational_Home.<init>(ScholasticInternational_Home.java:19)
	at pom.ScholasticInternational_Home.<init>(ScholasticInternational_Home.java:19)
	at pom.ScholasticInternational_Home.<init>(ScholasticInternational_Home.java:19)
	at pom.ScholasticInternational_Home.<init>(ScholasticInternational_Home.java:19)
	at pom.ScholasticInternational_Home.<init>(ScholasticInternational_Home.java:19)
	at pom.ScholasticInternational_Home.<init>(ScholasticInternational_Home.java:19)
	at pom.ScholasticInternational_Home.<init>(ScholasticInternational_Home.java:19)
	at pom.ScholasticInternational_Home.<init>(ScholasticInternational_Home.java:19)
	at pom.ScholasticInternational_Home.<init>(ScholasticInternational_Home.java:19)
	at pom.ScholasticInternational_Home.<init>(ScholasticInternational_Home.java:19)
	at pom.ScholasticInternational_Home.<init>(ScholasticInternational_Home.java:19)
	at pom.ScholasticInternational_Home.<init>(ScholasticInternational_Home.java:19)
	at pom.ScholasticInternational_Home.<init>(ScholasticInternational_Home.java:19)
	at pom.ScholasticInternational_Home.<init>(ScholasticInternational_Home.java:19)
	at pom.ScholasticInternational_Home.<init>(ScholasticInternational_Home.java:19)
	at pom.ScholasticInternational_Home.<init>(ScholasticInternational_Home.java:19)
	at pom.ScholasticInternational_Home.<init>(ScholasticInternational_Home.java:19)
	at pom.ScholasticInternational_Home.<init>(ScholasticInternational_Home.java:19)
	at pom.ScholasticInternational_Home.<init>(ScholasticInternational_Home.java:19)
	at pom.ScholasticInternational_Home.<init>(ScholasticInternational_Home.java:19)
	at pom.ScholasticInternational_Home.<init>(ScholasticInternational_Home.java:19)
	at pom.ScholasticInternational_Home.<init>(ScholasticInternational_Home.java:19)
	at pom.ScholasticInternational_Home.<init>(ScholasticInternational_Home.java:19)
	at pom.ScholasticInternational_Home.<init>(ScholasticInternational_Home.java:19)
	at pom.ScholasticInternational_Home.<init>(ScholasticInternational_Home.java:19)
	at pom.ScholasticInternational_Home.<init>(ScholasticInternational_Home.java:19)
	at pom.ScholasticInternational_Home.<init>(ScholasticInternational_Home.java:19)
	at pom.ScholasticInternational_Home.<init>(ScholasticInternational_Home.java:19)
	at pom.ScholasticInternational_Home.<init>(ScholasticInternational_Home.java:19)
	at pom.ScholasticInternational_Home.<init>(ScholasticInternational_Home.java:19)
	at pom.ScholasticInternational_Home.<init>(ScholasticInternational_Home.java:19)
	at pom.ScholasticInternational_Home.<init>(ScholasticInternational_Home.java:19)
	at pom.ScholasticInternational_Home.<init>(ScholasticInternational_Home.java:19)
	at pom.ScholasticInternational_Home.<init>(ScholasticInternational_Home.java:19)
	at pom.ScholasticInternational_Home.<init>(ScholasticInternational_Home.java:19)
	at pom.ScholasticInternational_Home.<init>(ScholasticInternational_Home.java:19)
	at pom.ScholasticInternational_Home.<init>(ScholasticInternational_Home.java:19)
	at pom.ScholasticInternational_Home.<init>(ScholasticInternational_Home.java:19)
	at pom.ScholasticInternational_Home.<init>(ScholasticInternational_Home.java:19)
	at pom.ScholasticInternational_Home.<init>(ScholasticInternational_Home.java:19)
	at pom.ScholasticInternational_Home.<init>(ScholasticInternational_Home.java:19)
	at pom.ScholasticInternational_Home.<init>(ScholasticInternational_Home.java:19)
	at pom.ScholasticInternational_Home.<init>(ScholasticInternational_Home.java:19)
	at pom.ScholasticInternational_Home.<init>(ScholasticInternational_Home.java:19)
	at pom.ScholasticInternational_Home.<init>(ScholasticInternational_Home.java:19)
	at pom.ScholasticInternational_Home.<init>(ScholasticInternational_Home.java:19)
	at pom.ScholasticInternational_Home.<init>(ScholasticInternational_Home.java:19)
	at pom.ScholasticInternational_Home.<init>(ScholasticInternational_Home.java:19)
	at pom.ScholasticInternational_Home.<init>(ScholasticInternational_Home.java:19)
	at pom.ScholasticInternational_Home.<init>(ScholasticInternational_Home.java:19)
	at pom.ScholasticInternational_Home.<init>(ScholasticInternational_Home.java:19)
	at pom.ScholasticInternational_Home.<init>(ScholasticInternational_Home.java:19)
	at pom.ScholasticInternational_Home.<init>(ScholasticInternational_Home.java:19)
	at pom.ScholasticInternational_Home.<init>(ScholasticInternational_Home.java:19)
	at pom.ScholasticInternational_Home.<init>(ScholasticInternational_Home.java:19)
	at pom.ScholasticInternational_Home.<init>(ScholasticInternational_Home.java:19)
	at pom.ScholasticInternational_Home.<init>(ScholasticInternational_Home.java:19)
	at pom.ScholasticInternational_Home.<init>(ScholasticInternational_Home.java:19)
	at pom.ScholasticInternational_Home.<init>(ScholasticInternational_Home.java:19)
	at pom.ScholasticInternational_Home.<init>(ScholasticInternational_Home.java:19)
	at pom.ScholasticInternational_Home.<init>(ScholasticInternational_Home.java:19)
	at pom.ScholasticInternational_Home.<init>(ScholasticInternational_Home.java:19)
	at pom.ScholasticInternational_Home.<init>(ScholasticInternational_Home.java:19)
	at pom.ScholasticInternational_Home.<init>(ScholasticInternational_Home.java:19)
	at pom.ScholasticInternational_Home.<init>(ScholasticInternational_Home.java:19)
	at pom.ScholasticInternational_Home.<init>(ScholasticInternational_Home.java:19)
	at pom.ScholasticInternational_Home.<init>(ScholasticInternational_Home.java:19)
	at pom.ScholasticInternational_Home.<init>(ScholasticInternational_Home.java:19)
	at pom.ScholasticInternational_Home.<init>(ScholasticInternational_Home.java:19)
	at pom.ScholasticInternational_Home.<init>(ScholasticInternational_Home.java:19)
	at pom.ScholasticInternational_Home.<init>(ScholasticInternational_Home.java:19)
	at pom.ScholasticInternational_Home.<init>(ScholasticInternational_Home.java:19)
	at pom.ScholasticInternational_Home.<init>(ScholasticInternational_Home.java:19)
	at pom.ScholasticInternational_Home.<init>(ScholasticInternational_Home.java:19)
	at pom.ScholasticInternational_Home.<init>(ScholasticInternational_Home.java:19)
	at pom.ScholasticInternational_Home.<init>(ScholasticInternational_Home.java:19)
	at pom.ScholasticInternational_Home.<init>(ScholasticInternational_Home.java:19)
	at pom.ScholasticInternational_Home.<init>(ScholasticInternational_Home.java:19)
	at pom.ScholasticInternational_Home.<init>(ScholasticInternational_Home.java:19)
	at pom.ScholasticInternational_Home.<init>(ScholasticInternational_Home.java:19)
	at pom.ScholasticInternational_Home.<init>(ScholasticInternational_Home.java:19)
	at pom.ScholasticInternational_Home.<init>(ScholasticInternational_Home.java:19)
	at pom.ScholasticInternational_Home.<init>(ScholasticInternational_Home.java:19)
	at pom.ScholasticInternational_Home.<init>(ScholasticInternational_Home.java:19)
	at pom.ScholasticInternational_Home.<init>(ScholasticInternational_Home.java:19)
	at pom.ScholasticInternational_Home.<init>(ScholasticInternational_Home.java:19)
	at pom.ScholasticInternational_Home.<init>(ScholasticInternational_Home.java:19)
	at pom.ScholasticInternational_Home.<init>(ScholasticInternational_Home.java:19)
	at pom.ScholasticInternational_Home.<init>(ScholasticInternational_Home.java:19)
	at pom.ScholasticInternational_Home.<init>(ScholasticInternational_Home.java:19)
	at pom.ScholasticInternational_Home.<init>(ScholasticInternational_Home.java:19)
	at pom.ScholasticInternational_Home.<init>(ScholasticInternational_Home.java:19)
	at pom.ScholasticInternational_Home.<init>(ScholasticInternational_Home.java:19)
	at pom.ScholasticInternational_Home.<init>(ScholasticInternational_Home.java:19)
	at pom.ScholasticInternational_Home.<init>(ScholasticInternational_Home.java:19)
	at pom.ScholasticInternational_Home.<init>(ScholasticInternational_Home.java:19)
	at pom.ScholasticInternational_Home.<init>(ScholasticInternational_Home.java:19)
	at pom.ScholasticInternational_Home.<init>(ScholasticInternational_Home.java:19)
	at pom.ScholasticInternational_Home.<init>(ScholasticInternational_Home.java:19)
	at pom.ScholasticInternational_Home.<init>(ScholasticInternational_Home.java:19)
	at pom.ScholasticInternational_Home.<init>(ScholasticInternational_Home.java:19)
	at pom.ScholasticInternational_Home.<init>(ScholasticInternational_Home.java:19)
	at pom.ScholasticInternational_Home.<init>(ScholasticInternational_Home.java:19)
	at pom.ScholasticInternational_Home.<init>(ScholasticInternational_Home.java:19)
	at pom.ScholasticInternational_Home.<init>(ScholasticInternational_Home.java:19)
	at pom.ScholasticInternational_Home.<init>(ScholasticInternational_Home.java:19)
	at pom.ScholasticInternational_Home.<init>(ScholasticInternational_Home.java:19)
	at pom.ScholasticInternational_Home.<init>(ScholasticInternational_Home.java:19)
	at pom.ScholasticInternational_Home.<init>(ScholasticInternational_Home.java:19)
	at pom.ScholasticInternational_Home.<init>(ScholasticInternational_Home.java:19)
	at pom.ScholasticInternational_Home.<init>(ScholasticInternational_Home.java:19)
	at pom.ScholasticInternational_Home.<init>(ScholasticInternational_Home.java:19)
	at pom.ScholasticInternational_Home.<init>(ScholasticInternational_Home.java:19)
	at pom.ScholasticInternational_Home.<init>(ScholasticInternational_Home.java:19)
	at pom.ScholasticInternational_Home.<init>(ScholasticInternational_Home.java:19)
	at pom.ScholasticInternational_Home.<init>(ScholasticInternational_Home.java:19)
	at pom.ScholasticInternational_Home.<init>(ScholasticInternational_Home.java:19)
	at pom.ScholasticInternational_Home.<init>(ScholasticInternational_Home.java:19)
	at pom.ScholasticInternational_Home.<init>(ScholasticInternational_Home.java:19)
	at pom.ScholasticInternational_Home.<init>(ScholasticInternational_Home.java:19)
	at pom.ScholasticInternational_Home.<init>(ScholasticInternational_Home.java:19)
	at pom.ScholasticInternational_Home.<init>(ScholasticInternational_Home.java:19)
	at pom.ScholasticInternational_Home.<init>(ScholasticInternational_Home.java:19)
	at pom.ScholasticInternational_Home.<init>(ScholasticInternational_Home.java:19)
	at pom.ScholasticInternational_Home.<init>(ScholasticInternational_Home.java:19)
	at pom.ScholasticInternational_Home.<init>(ScholasticInternational_Home.java:19)
	at pom.ScholasticInternational_Home.<init>(ScholasticInternational_Home.java:19)
	at pom.ScholasticInternational_Home.<init>(ScholasticInternational_Home.java:19)
	at pom.ScholasticInternational_Home.<init>(ScholasticInternational_Home.java:19)
	at pom.ScholasticInternational_Home.<init>(ScholasticInternational_Home.java:19)
	at pom.ScholasticInternational_Home.<init>(ScholasticInternational_Home.java:19)
	at pom.ScholasticInternational_Home.<init>(ScholasticInternational_Home.java:19)
	at pom.ScholasticInternational_Home.<init>(ScholasticInternational_Home.java:19)
	at pom.ScholasticInternational_Home.<init>(ScholasticInternational_Home.java:19)
	at pom.ScholasticInternational_Home.<init>(ScholasticInternational_Home.java:19)
	at pom.ScholasticInternational_Home.<init>(ScholasticInternational_Home.java:19)
	at pom.ScholasticInternational_Home.<init>(ScholasticInternational_Home.java:19)
	at pom.ScholasticInternational_Home.<init>(ScholasticInternational_Home.java:19)
	at pom.ScholasticInternational_Home.<init>(ScholasticInternational_Home.java:19)
	at pom.ScholasticInternational_Home.<init>(ScholasticInternational_Home.java:19)
	at pom.ScholasticInternational_Home.<init>(ScholasticInternational_Home.java:19)
	at pom.ScholasticInternational_Home.<init>(ScholasticInternational_Home.java:19)
	at pom.ScholasticInternational_Home.<init>(ScholasticInternational_Home.java:19)
	at pom.ScholasticInternational_Home.<init>(ScholasticInternational_Home.java:19)
	at pom.ScholasticInternational_Home.<init>(ScholasticInternational_Home.java:19)
	at pom.ScholasticInternational_Home.<init>(ScholasticInternational_Home.java:19)
	at pom.ScholasticInternational_Home.<init>(ScholasticInternational_Home.java:19)
	at pom.ScholasticInternational_Home.<init>(ScholasticInternational_Home.java:19)
	at pom.ScholasticInternational_Home.<init>(ScholasticInternational_Home.java:19)
	at pom.ScholasticInternational_Home.<init>(ScholasticInternational_Home.java:19)
	at pom.ScholasticInternational_Home.<init>(ScholasticInternational_Home.java:19)
	at pom.ScholasticInternational_Home.<init>(ScholasticInternational_Home.java:19)
	at pom.ScholasticInternational_Home.<init>(ScholasticInternational_Home.java:19)
	at pom.ScholasticInternational_Home.<init>(ScholasticInternational_Home.java:19)
	at pom.ScholasticInternational_Home.<init>(ScholasticInternational_Home.java:19)
	at pom.ScholasticInternational_Home.<init>(ScholasticInternational_Home.java:19)
	at pom.ScholasticInternational_Home.<init>(ScholasticInternational_Home.java:19)
	at pom.ScholasticInternational_Home.<init>(ScholasticInternational_Home.java:19)
	at pom.ScholasticInternational_Home.<init>(ScholasticInternational_Home.java:19)
	at pom.ScholasticInternational_Home.<init>(ScholasticInternational_Home.java:19)
	at pom.ScholasticInternational_Home.<init>(ScholasticInternational_Home.java:19)
	at pom.ScholasticInternational_Home.<init>(ScholasticInternational_Home.java:19)
	at pom.ScholasticInternational_Home.<init>(ScholasticInternational_Home.java:19)
	at pom.ScholasticInternational_Home.<init>(ScholasticInternational_Home.java:19)
	at pom.ScholasticInternational_Home.<init>(ScholasticInternational_Home.java:19)
	at pom.ScholasticInternational_Home.<init>(ScholasticInternational_Home.java:19)
	at pom.ScholasticInternational_Home.<init>(ScholasticInternational_Home.java:19)
	at pom.ScholasticInternational_Home.<init>(ScholasticInternational_Home.java:19)
	at pom.ScholasticInternational_Home.<init>(ScholasticInternational_Home.java:19)
	at pom.ScholasticInternational_Home.<init>(ScholasticInternational_Home.java:19)
	at pom.ScholasticInternational_Home.<init>(ScholasticInternational_Home.java:19)
	at pom.ScholasticInternational_Home.<init>(ScholasticInternational_Home.java:19)
	at pom.ScholasticInternational_Home.<init>(ScholasticInternational_Home.java:19)
	at pom.ScholasticInternational_Home.<init>(ScholasticInternational_Home.java:19)
	at pom.ScholasticInternational_Home.<init>(ScholasticInternational_Home.java:19)
	at pom.ScholasticInternational_Home.<init>(ScholasticInternational_Home.java:19)
	at pom.ScholasticInternational_Home.<init>(ScholasticInternational_Home.java:19)
	at pom.ScholasticInternational_Home.<init>(ScholasticInternational_Home.java:19)
	at pom.ScholasticInternational_Home.<init>(ScholasticInternational_Home.java:19)
	at pom.ScholasticInternational_Home.<init>(ScholasticInternational_Home.java:19)
	at pom.ScholasticInternational_Home.<init>(ScholasticInternational_Home.java:19)
	at pom.ScholasticInternational_Home.<init>(ScholasticInternational_Home.java:19)
	at pom.ScholasticInternational_Home.<init>(ScholasticInternational_Home.java:19)
	at pom.ScholasticInternational_Home.<init>(ScholasticInternational_Home.java:19)
	at pom.ScholasticInternational_Home.<init>(ScholasticInternational_Home.java:19)
	at pom.ScholasticInternational_Home.<init>(ScholasticInternational_Home.java:19)
	at pom.ScholasticInternational_Home.<init>(ScholasticInternational_Home.java:19)
	at pom.ScholasticInternational_Home.<init>(ScholasticInternational_Home.java:19)
	at pom.ScholasticInternational_Home.<init>(ScholasticInternational_Home.java:19)
	at pom.ScholasticInternational_Home.<init>(ScholasticInternational_Home.java:19)
	at pom.ScholasticInternational_Home.<init>(ScholasticInternational_Home.java:19)
	at pom.ScholasticInternational_Home.<init>(ScholasticInternational_Home.java:19)
	at pom.ScholasticInternational_Home.<init>(ScholasticInternational_Home.java:19)
	at pom.ScholasticInternational_Home.<init>(ScholasticInternational_Home.java:19)
	at pom.ScholasticInternational_Home.<init>(ScholasticInternational_Home.java:19)
	at pom.ScholasticInternational_Home.<init>(ScholasticInternational_Home.java:19)
	at pom.ScholasticInternational_Home.<init>(ScholasticInternational_Home.java:19)
	at pom.ScholasticInternational_Home.<init>(ScholasticInternational_Home.java:19)
	at pom.ScholasticInternational_Home.<init>(ScholasticInternational_Home.java:19)
	at pom.ScholasticInternational_Home.<init>(ScholasticInternational_Home.java:19)
	at pom.ScholasticInternational_Home.<init>(ScholasticInternational_Home.java:19)
	at pom.ScholasticInternational_Home.<init>(ScholasticInternational_Home.java:19)
	at pom.ScholasticInternational_Home.<init>(ScholasticInternational_Home.java:19)
	at pom.ScholasticInternational_Home.<init>(ScholasticInternational_Home.java:19)
	at pom.ScholasticInternational_Home.<init>(ScholasticInternational_Home.java:19)
	at pom.ScholasticInternational_Home.<init>(ScholasticInternational_Home.java:19)
	at pom.ScholasticInternational_Home.<init>(ScholasticInternational_Home.java:19)
	at pom.ScholasticInternational_Home.<init>(ScholasticInternational_Home.java:19)
	at pom.ScholasticInternational_Home.<init>(ScholasticInternational_Home.java:19)
	at pom.ScholasticInternational_Home.<init>(ScholasticInternational_Home.java:19)
	at pom.ScholasticInternational_Home.<init>(ScholasticInternational_Home.java:19)
	at pom.ScholasticInternational_Home.<init>(ScholasticInternational_Home.java:19)
	at pom.ScholasticInternational_Home.<init>(ScholasticInternational_Home.java:19)
	at pom.ScholasticInternational_Home.<init>(ScholasticInternational_Home.java:19)
	at pom.ScholasticInternational_Home.<init>(ScholasticInternational_Home.java:19)
	at pom.ScholasticInternational_Home.<init>(ScholasticInternational_Home.java:19)
	at pom.ScholasticInternational_Home.<init>(ScholasticInternational_Home.java:19)
	at pom.ScholasticInternational_Home.<init>(ScholasticInternational_Home.java:19)
	at pom.ScholasticInternational_Home.<init>(ScholasticInternational_Home.java:19)
	at pom.ScholasticInternational_Home.<init>(ScholasticInternational_Home.java:19)
	at pom.ScholasticInternational_Home.<init>(ScholasticInternational_Home.java:19)
	at pom.ScholasticInternational_Home.<init>(ScholasticInternational_Home.java:19)
	at pom.ScholasticInternational_Home.<init>(ScholasticInternational_Home.java:19)
	at pom.ScholasticInternational_Home.<init>(ScholasticInternational_Home.java:19)
	at pom.ScholasticInternational_Home.<init>(ScholasticInternational_Home.java:19)
	at pom.ScholasticInternational_Home.<init>(ScholasticInternational_Home.java:19)
	at pom.ScholasticInternational_Home.<init>(ScholasticInternational_Home.java:19)
	at pom.ScholasticInternational_Home.<init>(ScholasticInternational_Home.java:19)
	at pom.ScholasticInternational_Home.<init>(ScholasticInternational_Home.java:19)
	at pom.ScholasticInternational_Home.<init>(ScholasticInternational_Home.java:19)
	at pom.ScholasticInternational_Home.<init>(ScholasticInternational_Home.java:19)
	at pom.ScholasticInternational_Home.<init>(ScholasticInternational_Home.java:19)
	at pom.ScholasticInternational_Home.<init>(ScholasticInternational_Home.java:19)
	at pom.ScholasticInternational_Home.<init>(ScholasticInternational_Home.java:19)
	at pom.ScholasticInternational_Home.<init>(ScholasticInternational_Home.java:19)
	at pom.ScholasticInternational_Home.<init>(ScholasticInternational_Home.java:19)
	at pom.ScholasticInternational_Home.<init>(ScholasticInternational_Home.java:19)
	at pom.ScholasticInternational_Home.<init>(ScholasticInternational_Home.java:19)
	at pom.ScholasticInternational_Home.<init>(ScholasticInternational_Home.java:19)
	at pom.ScholasticInternational_Home.<init>(ScholasticInternational_Home.java:19)
	at pom.ScholasticInternational_Home.<init>(ScholasticInternational_Home.java:19)
	at pom.ScholasticInternational_Home.<init>(ScholasticInternational_Home.java:19)
	at pom.ScholasticInternational_Home.<init>(ScholasticInternational_Home.java:19)
	at pom.ScholasticInternational_Home.<init>(ScholasticInternational_Home.java:19)
	at pom.ScholasticInternational_Home.<init>(ScholasticInternational_Home.java:19)
	at pom.ScholasticInternational_Home.<init>(ScholasticInternational_Home.java:19)
	at pom.ScholasticInternational_Home.<init>(ScholasticInternational_Home.java:19)
	at pom.ScholasticInternational_Home.<init>(ScholasticInternational_Home.java:19)
	at pom.ScholasticInternational_Home.<init>(ScholasticInternational_Home.java:19)
	at pom.ScholasticInternational_Home.<init>(ScholasticInternational_Home.java:19)
	at pom.ScholasticInternational_Home.<init>(ScholasticInternational_Home.java:19)
	at pom.ScholasticInternational_Home.<init>(ScholasticInternational_Home.java:19)
	at pom.ScholasticInternational_Home.<init>(ScholasticInternational_Home.java:19)
	at pom.ScholasticInternational_Home.<init>(ScholasticInternational_Home.java:19)
	at pom.ScholasticInternational_Home.<init>(ScholasticInternational_Home.java:19)
	at pom.ScholasticInternational_Home.<init>(ScholasticInternational_Home.java:19)
	at pom.ScholasticInternational_Home.<init>(ScholasticInternational_Home.java:19)
	at pom.ScholasticInternational_Home.<init>(ScholasticInternational_Home.java:19)
	at pom.ScholasticInternational_Home.<init>(ScholasticInternational_Home.java:19)
	at pom.ScholasticInternational_Home.<init>(ScholasticInternational_Home.java:19)
	at pom.ScholasticInternational_Home.<init>(ScholasticInternational_Home.java:19)
	at pom.ScholasticInternational_Home.<init>(ScholasticInternational_Home.java:19)
	at pom.ScholasticInternational_Home.<init>(ScholasticInternational_Home.java:19)
	at pom.ScholasticInternational_Home.<init>(ScholasticInternational_Home.java:19)
	at pom.ScholasticInternational_Home.<init>(ScholasticInternational_Home.java:19)
	at pom.ScholasticInternational_Home.<init>(ScholasticInternational_Home.java:19)
	at pom.ScholasticInternational_Home.<init>(ScholasticInternational_Home.java:19)
	at pom.ScholasticInternational_Home.<init>(ScholasticInternational_Home.java:19)
	at pom.ScholasticInternational_Home.<init>(ScholasticInternational_Home.java:19)
	at pom.ScholasticInternational_Home.<init>(ScholasticInternational_Home.java:19)
	at pom.ScholasticInternational_Home.<init>(ScholasticInternational_Home.java:19)
	at pom.ScholasticInternational_Home.<init>(ScholasticInternational_Home.java:19)
	at pom.ScholasticInternational_Home.<init>(ScholasticInternational_Home.java:19)
	at pom.ScholasticInternational_Home.<init>(ScholasticInternational_Home.java:19)
	at pom.ScholasticInternational_Home.<init>(ScholasticInternational_Home.java:19)
	at pom.ScholasticInternational_Home.<init>(ScholasticInternational_Home.java:19)
	at pom.ScholasticInternational_Home.<init>(ScholasticInternational_Home.java:19)
	at pom.ScholasticInternational_Home.<init>(ScholasticInternational_Home.java:19)
	at pom.ScholasticInternational_Home.<init>(ScholasticInternational_Home.java:19)
	at pom.ScholasticInternational_Home.<init>(ScholasticInternational_Home.java:19)
	at pom.ScholasticInternational_Home.<init>(ScholasticInternational_Home.java:19)
	at pom.ScholasticInternational_Home.<init>(ScholasticInternational_Home.java:19)
	at pom.ScholasticInternational_Home.<init>(ScholasticInternational_Home.java:19)
	at pom.ScholasticInternational_Home.<init>(ScholasticInternational_Home.java:19)
	at pom.ScholasticInternational_Home.<init>(ScholasticInternational_Home.java:19)
	at pom.ScholasticInternational_Home.<init>(ScholasticInternational_Home.java:19)
	at pom.ScholasticInternational_Home.<init>(ScholasticInternational_Home.java:19)
	at pom.ScholasticInternational_Home.<init>(ScholasticInternational_Home.java:19)
	at pom.ScholasticInternational_Home.<init>(ScholasticInternational_Home.java:19)
	at pom.ScholasticInternational_Home.<init>(ScholasticInternational_Home.java:19)
	at pom.ScholasticInternational_Home.<init>(ScholasticInternational_Home.java:19)
	at pom.ScholasticInternational_Home.<init>(ScholasticInternational_Home.java:19)
	at pom.ScholasticInternational_Home.<init>(ScholasticInternational_Home.java:19)
	at pom.ScholasticInternational_Home.<init>(ScholasticInternational_Home.java:19)
	at pom.ScholasticInternational_Home.<init>(ScholasticInternational_Home.java:19)
	at pom.ScholasticInternational_Home.<init>(ScholasticInternational_Home.java:19)
	at pom.ScholasticInternational_Home.<init>(ScholasticInternational_Home.java:19)
	at pom.ScholasticInternational_Home.<init>(ScholasticInternational_Home.java:19)
	at pom.ScholasticInternational_Home.<init>(ScholasticInternational_Home.java:19)
	at pom.ScholasticInternational_Home.<init>(ScholasticInternational_Home.java:19)
	at pom.ScholasticInternational_Home.<init>(ScholasticInternational_Home.java:19)
	at pom.ScholasticInternational_Home.<init>(ScholasticInternational_Home.java:19)
	at pom.ScholasticInternational_Home.<init>(ScholasticInternational_Home.java:19)
	at pom.ScholasticInternational_Home.<init>(ScholasticInternational_Home.java:19)
	at pom.ScholasticInternational_Home.<init>(ScholasticInternational_Home.java:19)
	at pom.ScholasticInternational_Home.<init>(ScholasticInternational_Home.java:19)
	at pom.ScholasticInternational_Home.<init>(ScholasticInternational_Home.java:19)
	at pom.ScholasticInternational_Home.<init>(ScholasticInternational_Home.java:19)
	at pom.ScholasticInternational_Home.<init>(ScholasticInternational_Home.java:19)
	at pom.ScholasticInternational_Home.<init>(ScholasticInternational_Home.java:19)
	at pom.ScholasticInternational_Home.<init>(ScholasticInternational_Home.java:19)
	at pom.ScholasticInternational_Home.<init>(ScholasticInternational_Home.java:19)
	at pom.ScholasticInternational_Home.<init>(ScholasticInternational_Home.java:19)
	at pom.ScholasticInternational_Home.<init>(ScholasticInternational_Home.java:19)
	at pom.ScholasticInternational_Home.<init>(ScholasticInternational_Home.java:19)
	at pom.ScholasticInternational_Home.<init>(ScholasticInternational_Home.java:19)
	at pom.ScholasticInternational_Home.<init>(ScholasticInternational_Home.java:19)
	at pom.ScholasticInternational_Home.<init>(ScholasticInternational_Home.java:19)
	at pom.ScholasticInternational_Home.<init>(ScholasticInternational_Home.java:19)
	at pom.ScholasticInternational_Home.<init>(ScholasticInternational_Home.java:19)
	at pom.ScholasticInternational_Home.<init>(ScholasticInternational_Home.java:19)
]]>
    </error>
  </testcase> <!-- verifySearchFunctionality -->
</testsuite> <!-- scripts.BaseTest -->
